2020-09-18 02:45:43,555 EfficientNetB0  v1: 3.6 M--30.33 MMac  v2: 3.6 M--0.03 GMac
2020-09-18 02:45:44,645 GoogLeNetV1  v1: 6.17 M--1.52 GMac  v2: 6.17 M--1.53 GMac
2020-09-18 02:45:45,617 MobileNetV1  v1: 3.22 M--46.35 MMac  v2: 3.22 M--0.05 GMac
2020-09-18 02:45:47,048 MobileNetV2  v1: 2.3 M--91.15 MMac  v2: 2.3 M--0.09 GMac
2020-09-18 02:45:47,623 PreActResNet18  v1: 11.17 M--555.42 MMac  v2: 11.17 M--0.56 GMac
2020-09-18 02:45:48,745 PreActResNet34  v1: 21.28 M--1.16 GMac  v2: 21.28 M--1.16 GMac
2020-09-18 02:45:50,081 PreActResNet50  v1: 23.51 M--1.3 GMac  v2: 23.51 M--1.3 GMac
2020-09-18 02:45:52,545 PreActResNet101  v1: 42.5 M--2.51 GMac  v2: 42.5 M--2.52 GMac
2020-09-18 02:45:53,152 ResNet18  v1: 11.17 M--555.42 MMac  v2: 11.17 M--0.56 GMac
2020-09-18 02:45:54,271 ResNet34  v1: 21.28 M--1.16 GMac  v2: 21.28 M--1.16 GMac
2020-09-18 02:45:55,605 ResNet50  v1: 23.52 M--1.3 GMac  v2: 23.52 M--1.3 GMac
2020-09-18 02:45:58,030 ResNet101  v1: 42.51 M--2.51 GMac  v2: 42.51 M--2.52 GMac
2020-09-18 02:45:58,117 resnet20  v1: 269.72 k--40.55 MMac  v2: 269.72 k--0.04 GMac
2020-09-18 02:45:58,253 resnet32  v1: 464.15 k--68.86 MMac  v2: 464.15 k--0.07 GMac
2020-09-18 02:45:58,443 resnet44  v1: 658.59 k--97.17 MMac  v2: 658.59 k--0.1 GMac
2020-09-18 02:45:58,682 resnet56  v1: 853.02 k--125.49 MMac  v2: 853.02 k--0.13 GMac
2020-09-18 02:45:59,173 resnet110  v1: 1.73 M--252.89 MMac  v2: 1.73 M--0.25 GMac
2020-09-18 02:45:59,785 SENet18  v1: 11.26 M--555.51 MMac  v2: 11.26 M--0.56 GMac
2020-09-18 02:46:00,268 ShuffleNetG2  v1: 887.58 k--39.61 MMac  v2: 887.58 k--0.04 GMac
2020-09-18 02:46:00,806 ShuffleNetG3  v1: 862.77 k--38.61 MMac  v2: 862.77 k--0.04 GMac
2020-09-18 02:46:01,115 ShuffleNetV2_0_5  v1: 352.04 k--10.9 MMac  v2: 352.04 k--0.01 GMac
2020-09-18 02:46:01,740 ShuffleNetV2_1  v1: 1.26 M--45.0 MMac  v2: 1.26 M--0.05 GMac
2020-09-18 02:46:02,690 ShuffleNetV2_1_5  v1: 2.49 M--94.26 MMac  v2: 2.49 M--0.1 GMac
2020-09-18 02:46:03,865 ShuffleNetV2_2  v1: 5.34 M--181.65 MMac  v2: 5.34 M--0.18 GMac
2020-09-18 02:46:04,300 VGG11  v1: 9.23 M--152.77 MMac  v2: 9.23 M--0.15 GMac
2020-09-18 02:46:04,845 VGG13  v1: 9.42 M--228.27 MMac  v2: 9.42 M--0.23 GMac
2020-09-18 02:46:05,538 VGG16  v1: 14.73 M--313.2 MMac  v2: 14.73 M--0.31 GMac
2020-09-18 02:46:06,416 VGG19  v1: 20.04 M--398.14 MMac  v2: 20.04 M--0.4 GMac
