2020-10-09 20:26:54,827 EfficientNetB0  v1: 3.6 M--30.33 MMac  v2: 3.6 M--0.03 GMac
2020-10-09 20:26:55,948 GoogLeNetV1  v1: 6.17 M--1.52 GMac  v2: 6.17 M--1.53 GMac
2020-10-09 20:26:57,089 MobileNetV1  v1: 3.22 M--175.56 MMac  v2: 3.22 M--0.18 GMac
2020-10-09 20:26:58,543 MobileNetV2  v1: 2.24 M--87.98 MMac  v2: 2.24 M--0.09 GMac
2020-10-09 20:26:59,125 PreActResNet18  v1: 11.17 M--555.42 MMac  v2: 11.17 M--0.56 GMac
2020-10-09 20:27:00,269 PreActResNet34  v1: 21.28 M--1.16 GMac  v2: 21.28 M--1.16 GMac
2020-10-09 20:27:01,613 PreActResNet50  v1: 23.51 M--1.3 GMac  v2: 23.51 M--1.3 GMac
2020-10-09 20:27:04,159 PreActResNet101  v1: 42.5 M--2.51 GMac  v2: 42.5 M--2.52 GMac
2020-10-09 20:27:04,746 ResNet18  v1: 11.17 M--555.42 MMac  v2: 11.17 M--0.56 GMac
2020-10-09 20:27:05,895 ResNet34  v1: 21.28 M--1.16 GMac  v2: 21.28 M--1.16 GMac
2020-10-09 20:27:07,273 ResNet50  v1: 23.52 M--1.3 GMac  v2: 23.52 M--1.3 GMac
2020-10-09 20:27:09,826 ResNet101  v1: 42.51 M--2.51 GMac  v2: 42.51 M--2.52 GMac
2020-10-09 20:27:09,918 resnet20  v1: 269.72 k--40.55 MMac  v2: 269.72 k--0.04 GMac
2020-10-09 20:27:10,046 resnet32  v1: 464.15 k--68.86 MMac  v2: 464.15 k--0.07 GMac
2020-10-09 20:27:10,247 resnet44  v1: 658.59 k--97.17 MMac  v2: 658.59 k--0.1 GMac
2020-10-09 20:27:10,486 resnet56  v1: 853.02 k--125.49 MMac  v2: 853.02 k--0.13 GMac
2020-10-09 20:27:10,963 resnet110  v1: 1.73 M--252.89 MMac  v2: 1.73 M--0.25 GMac
2020-10-09 20:27:11,591 SENet18  v1: 11.26 M--555.51 MMac  v2: 11.26 M--0.56 GMac
2020-10-09 20:27:12,056 ShuffleNetG1  v1: 906.52 k--40.85 MMac  v2: 906.52 k--0.04 GMac
2020-10-09 20:27:12,560 ShuffleNetG2  v1: 888.16 k--40.2 MMac  v2: 888.16 k--0.04 GMac
2020-10-09 20:27:13,099 ShuffleNetG3  v1: 863.34 k--39.19 MMac  v2: 863.34 k--0.04 GMac
2020-10-09 20:27:13,409 ShuffleNetV2_0_5  v1: 352.04 k--10.9 MMac  v2: 352.04 k--0.01 GMac
2020-10-09 20:27:13,991 ShuffleNetV2_1  v1: 1.26 M--45.0 MMac  v2: 1.26 M--0.05 GMac
2020-10-09 20:27:14,922 ShuffleNetV2_1_5  v1: 2.49 M--94.26 MMac  v2: 2.49 M--0.1 GMac
2020-10-09 20:27:16,146 ShuffleNetV2_2  v1: 5.34 M--181.65 MMac  v2: 5.34 M--0.18 GMac
2020-10-09 20:27:16,560 VGG11  v1: 9.23 M--152.77 MMac  v2: 9.23 M--0.15 GMac
2020-10-09 20:27:17,018 VGG13  v1: 9.42 M--228.27 MMac  v2: 9.42 M--0.23 GMac
2020-10-09 20:27:17,771 VGG16  v1: 14.73 M--313.2 MMac  v2: 14.73 M--0.31 GMac
2020-10-09 20:27:18,675 VGG19  v1: 20.04 M--398.14 MMac  v2: 20.04 M--0.4 GMac
2020-11-22 18:02:01,174 GhostNetV1  v1: 3.91 M--5.54 MMac  v2: 3.91 M--0.01 GMac
2020-11-22 19:12:29,266 GhostNetV1  v1: 3.91 M--139.88 MMac  v2: 3.91 M--0.15 GMac
2020-11-22 19:26:47,977 GhostNetV1  v1: 3.91 M--139.88 MMac  v2: 3.91 M--0.15 GMac
2020-11-22 19:26:52,839 MobileNetV1  v1: 3.22 M--8.6 GMac  v2: 3.22 M--8.73 GMac
2020-11-22 19:26:57,756 MobileNetV2  v1: 2.24 M--4.31 GMac  v2: 2.24 M--4.55 GMac
2020-11-22 19:26:59,506 ShuffleNetG1  v1: 906.52 k--2.0 GMac  v2: 906.52 k--2.06 GMac
2020-11-22 19:27:01,554 ShuffleNetV2_1  v1: 1.26 M--2.2 GMac  v2: 1.26 M--2.26 GMac
2020-11-22 19:29:10,618 GhostNetV1  v1: 3.91 M--139.88 MMac  v2: 3.91 M--0.15 GMac
2020-11-22 19:29:11,758 MobileNetV1  v1: 3.22 M--567.73 MMac  v2: 3.22 M--0.58 GMac
2020-11-22 19:29:13,180 MobileNetV2  v1: 2.24 M--299.51 MMac  v2: 2.24 M--0.32 GMac
2020-11-22 19:29:14,571 ShuffleNetG1  v1: 906.52 k--2.0 GMac  v2: 906.52 k--2.06 GMac
2020-11-22 19:29:16,404 ShuffleNetV2_1  v1: 1.26 M--2.2 GMac  v2: 1.26 M--2.26 GMac
2020-12-15 06:07:22,613 vggsmall  v1: 4.66 M--607.6 MMac  v2: 4.66 M--0.61 GMac
2020-12-15 06:07:24,407 GhostNetV1  v1: 3.91 M--5.54 MMac  v2: 3.91 M--0.01 GMac
2020-12-15 06:07:25,781 MobileNetV1  v1: 3.22 M--11.6 MMac  v2: 3.22 M--0.01 GMac
2020-12-15 06:07:27,652 MobileNetV2  v1: 2.24 M--6.12 MMac  v2: 2.24 M--0.01 GMac
2020-12-15 06:07:28,138 ShuffleNetG1  v1: 906.52 k--40.85 MMac  v2: 906.52 k--0.04 GMac
2020-12-15 06:07:28,981 ShuffleNetV2_1  v1: 1.26 M--45.0 MMac  v2: 1.26 M--0.05 GMac
2020-12-15 22:39:26,306 vggsmall  v1: 4.66 M--607.6 MMac  v2: 4.66 M--0.61 GMac
2021-01-03 22:12:09,023 ---------Genotype---------
2021-01-03 22:12:09,048 Genotype(normal=[('dil_group_conv_5x5', 0), ('dil_group_conv_5x5', 1), ('max_pool_3x3', 0), ('dil_group_conv_5x5', 2), ('dil_group_conv_5x5', 0), ('dil_group_conv_3x3', 1), ('skip_connect', 0), ('dil_group_conv_5x5', 4)], normal_concat=range(2, 6), reduce=[('dil_group_conv_5x5', 0), ('avg_pool_3x3', 1), ('avg_pool_3x3', 0), ('dil_group_conv_5x5', 2), ('dil_group_conv_5x5', 0), ('dil_group_conv_5x5', 2), ('max_pool_3x3', 3), ('max_pool_3x3', 4)], reduce_concat=range(2, 6))
2021-01-03 22:12:09,049 --------------------------
2021-01-03 22:12:33,573 ---------Genotype---------
2021-01-03 22:12:33,573 Genotype(normal=[('dil_group_conv_5x5', 0), ('dil_group_conv_5x5', 1), ('max_pool_3x3', 0), ('dil_group_conv_5x5', 2), ('dil_group_conv_5x5', 0), ('dil_group_conv_3x3', 1), ('skip_connect', 0), ('dil_group_conv_5x5', 4)], normal_concat=range(2, 6), reduce=[('dil_group_conv_5x5', 0), ('avg_pool_3x3', 1), ('avg_pool_3x3', 0), ('dil_group_conv_5x5', 2), ('dil_group_conv_5x5', 0), ('dil_group_conv_5x5', 2), ('max_pool_3x3', 3), ('max_pool_3x3', 4)], reduce_concat=range(2, 6))
2021-01-03 22:12:33,574 --------------------------
2021-01-03 22:12:55,676 ---------Genotype---------
2021-01-03 22:12:55,676 Genotype(normal=[('dil_group_conv_5x5', 0), ('dil_group_conv_5x5', 1), ('max_pool_3x3', 0), ('dil_group_conv_5x5', 2), ('dil_group_conv_5x5', 0), ('dil_group_conv_3x3', 1), ('skip_connect', 0), ('dil_group_conv_5x5', 4)], normal_concat=range(2, 6), reduce=[('dil_group_conv_5x5', 0), ('avg_pool_3x3', 1), ('avg_pool_3x3', 0), ('dil_group_conv_5x5', 2), ('dil_group_conv_5x5', 0), ('dil_group_conv_5x5', 2), ('max_pool_3x3', 3), ('max_pool_3x3', 4)], reduce_concat=range(2, 6))
2021-01-03 22:12:55,676 --------------------------
2021-01-03 22:13:16,146 ---------Genotype---------
2021-01-03 22:13:16,147 Genotype(normal=[('dil_group_conv_5x5', 0), ('dil_group_conv_5x5', 1), ('max_pool_3x3', 0), ('dil_group_conv_5x5', 2), ('dil_group_conv_5x5', 0), ('dil_group_conv_3x3', 1), ('skip_connect', 0), ('dil_group_conv_5x5', 4)], normal_concat=range(2, 6), reduce=[('dil_group_conv_5x5', 0), ('avg_pool_3x3', 1), ('avg_pool_3x3', 0), ('dil_group_conv_5x5', 2), ('dil_group_conv_5x5', 0), ('dil_group_conv_5x5', 2), ('max_pool_3x3', 3), ('max_pool_3x3', 4)], reduce_concat=range(2, 6))
2021-01-03 22:13:16,147 --------------------------
2021-01-03 22:13:31,981 ---------Genotype---------
2021-01-03 22:13:31,981 Genotype(normal=[('dil_group_conv_5x5', 0), ('dil_group_conv_5x5', 1), ('max_pool_3x3', 0), ('dil_group_conv_5x5', 2), ('dil_group_conv_5x5', 0), ('dil_group_conv_3x3', 1), ('skip_connect', 0), ('dil_group_conv_5x5', 4)], normal_concat=range(2, 6), reduce=[('dil_group_conv_5x5', 0), ('avg_pool_3x3', 1), ('avg_pool_3x3', 0), ('dil_group_conv_5x5', 2), ('dil_group_conv_5x5', 0), ('dil_group_conv_5x5', 2), ('max_pool_3x3', 3), ('max_pool_3x3', 4)], reduce_concat=range(2, 6))
2021-01-03 22:13:31,981 --------------------------
