2020-09-20 20:07:50,210 EfficientNetB0  v1: 3.6 M--119.43 MMac  v2: 3.6 M--0.12 GMac
2020-09-20 20:07:53,290 GoogLeNetV1  v1: 6.17 M--6.09 GMac  v2: 6.17 M--6.14 GMac
2020-09-20 20:07:54,353 MobileNetV1  v1: 3.22 M--185.39 MMac  v2: 3.22 M--0.19 GMac
2020-09-20 20:07:56,188 MobileNetV2  v1: 2.3 M--364.58 MMac  v2: 2.3 M--0.38 GMac
2020-09-20 20:07:57,157 PreActResNet18  v1: 11.17 M--2.22 GMac  v2: 11.17 M--2.23 GMac
2020-09-20 20:07:59,097 PreActResNet34  v1: 21.28 M--4.64 GMac  v2: 21.28 M--4.65 GMac
2020-09-20 20:08:01,483 PreActResNet50  v1: 23.51 M--5.19 GMac  v2: 23.51 M--5.21 GMac
2020-09-20 20:08:05,855 PreActResNet101  v1: 42.5 M--10.04 GMac  v2: 42.5 M--10.08 GMac
2020-09-20 20:08:07,015 ResNet18  v1: 11.17 M--2.22 GMac  v2: 11.17 M--2.23 GMac
2020-09-20 20:08:08,970 ResNet34  v1: 21.28 M--4.64 GMac  v2: 21.28 M--4.65 GMac
2020-09-20 20:08:11,507 ResNet50  v1: 23.52 M--5.19 GMac  v2: 23.52 M--5.22 GMac
2020-09-20 20:08:16,027 ResNet101  v1: 42.51 M--10.04 GMac  v2: 42.51 M--10.08 GMac
2020-09-20 20:08:16,222 resnet20  v1: 269.72 k--162.2 MMac  v2: 269.72 k--0.16 GMac
2020-09-20 20:08:16,503 resnet32  v1: 464.15 k--275.45 MMac  v2: 464.15 k--0.28 GMac
2020-09-20 20:08:16,902 resnet44  v1: 658.59 k--388.69 MMac  v2: 658.59 k--0.39 GMac
2020-09-20 20:08:17,404 resnet56  v1: 853.02 k--501.94 MMac  v2: 853.02 k--0.51 GMac
2020-09-20 20:08:18,423 resnet110  v1: 1.73 M--1.01 GMac  v2: 1.73 M--1.02 GMac
2020-09-20 20:08:19,768 SENet18  v1: 11.26 M--2.22 GMac  v2: 11.26 M--2.23 GMac
2020-09-20 20:08:20,478 ShuffleNetG2  v1: 887.58 k--158.43 MMac  v2: 887.58 k--0.16 GMac
2020-09-20 20:08:21,222 ShuffleNetG3  v1: 862.77 k--154.39 MMac  v2: 862.77 k--0.16 GMac
2020-09-20 20:08:21,598 ShuffleNetV2_0_5  v1: 352.04 k--43.58 MMac  v2: 352.04 k--0.05 GMac
2020-09-20 20:08:22,333 ShuffleNetV2_1  v1: 1.26 M--179.98 MMac  v2: 1.26 M--0.18 GMac
2020-09-20 20:08:23,613 ShuffleNetV2_1_5  v1: 2.49 M--377.01 MMac  v2: 2.49 M--0.38 GMac
2020-09-20 20:08:25,107 ShuffleNetV2_2  v1: 5.34 M--726.52 MMac  v2: 5.34 M--0.74 GMac
2020-09-20 20:08:25,604 VGG11  v1: 9.23 M--611.06 MMac  v2: 9.23 M--0.61 GMac
2020-09-20 20:08:26,294 VGG13  v1: 9.42 M--913.05 MMac  v2: 9.42 M--0.92 GMac
2020-09-20 20:08:27,312 VGG16  v1: 14.73 M--1.25 GMac  v2: 14.73 M--1.26 GMac
2020-09-20 20:08:28,508 VGG19  v1: 20.04 M--1.59 GMac  v2: 20.04 M--1.6 GMac
