2021-03-18 00:45:24,486 Epoch: 0  lr: 0.01
2021-03-18 00:48:51,024 Train_acc: 72.320096
2021-03-18 00:49:46,841 Train_acc: 72.32009553952017 Valid_acc: 91.79936305732484
2021-03-18 00:49:46,841 Avg sigmod: [0.5037435, 0.49682245, 0.40789056, 0.53113854, 0.51961994, 0.47566223, 0.46930784, 0.6059018, 0.55115205, 0.5431323, 0.44772014, 0.5582309, 0.5406426, 0.5364119, 0.4292725, 0.5330731, 0.51693356, 0.5076299, 0.5634948, 0.4177281, 0.5495223, 0.57937396, 0.545575, 0.4175972, 0.5225357, 0.51999444, 0.4612143, 0.476664, 0.4966457, 0.53272307, 0.44081345, 0.45186487, 0.50638634, 0.4800756, 0.50393724, 0.5211334, 0.4940141, 0.6036508, 0.5466105, 0.57024133, 0.46240908, 0.40599146, 0.5364584, 0.5202538]
2021-03-18 00:50:38,731 final model sigmod: [0.5032679, 0.4971982, 0.40738544, 0.5304934, 0.51901096, 0.4762451, 0.4687326, 0.6057156, 0.55108255, 0.54421085, 0.44821277, 0.5581182, 0.5407153, 0.53635156, 0.42838654, 0.53261745, 0.51786923, 0.50783026, 0.56347215, 0.4176301, 0.5500294, 0.57910335, 0.5453011, 0.41731635, 0.52250725, 0.51961344, 0.46160012, 0.4771797, 0.4974901, 0.5327486, 0.44079542, 0.4525183, 0.50570315, 0.48009858, 0.5043522, 0.5211976, 0.49398953, 0.60447454, 0.5459937, 0.57024384, 0.46263725, 0.40621203, 0.53620344, 0.5199524]
2021-03-18 00:55:11,077 Epoch: 0  lr: 0.01
2021-03-18 00:58:33,903 Train_acc: 67.413158
2021-03-18 00:59:26,425 Train_acc: 67.41315818324165 Valid_acc: 87.30095541401273
2021-03-18 00:59:26,425 Avg sigmod: [0.4994042, 0.43018246, 0.43311745, 0.5508065, 0.568148, 0.5445044, 0.51256096, 0.5192809, 0.56440437, 0.573248, 0.5402416, 0.4897276, 0.44413376, 0.4082306, 0.5137463, 0.49267116, 0.6092808, 0.50059056, 0.45146155, 0.46178484, 0.45362076, 0.4778363, 0.550035, 0.48062485, 0.4842569, 0.4357327, 0.5028428, 0.6067482, 0.5889054, 0.5106484, 0.58908, 0.41092944, 0.5313673, 0.43572086, 0.5703262, 0.58097684, 0.5001237, 0.52700365, 0.5556804, 0.4758715, 0.5521488, 0.48882785, 0.6163148, 0.50907457]
2021-03-18 01:02:26,825 Epoch: 0  lr: 0.01
2021-03-18 01:05:49,932 Train_acc: 76.142132
2021-03-18 01:06:43,492 Train_acc: 76.1421320062734 Valid_acc: 93.51114649681529
2021-03-18 01:06:43,493 Avg sigmod: [0.59009373, 0.42976373, 0.52876735, 0.564927, 0.55172193, 0.49813685, 0.5728705, 0.43347925, 0.5264605, 0.44861645, 0.51871383, 0.49385744, 0.5346074, 0.39412597, 0.48294774, 0.45146614, 0.51771104, 0.42382273, 0.57517314, 0.45063153, 0.5168121, 0.52127886, 0.51821, 0.52565205, 0.5876516, 0.48488012, 0.42142096, 0.5058542, 0.5790888, 0.40954828, 0.52447647, 0.56595004, 0.5479247, 0.49729127, 0.55266345, 0.5416769, 0.48039645, 0.5012964, 0.5277836, 0.473586, 0.5293438, 0.5580834, 0.5073844, 0.43801528]
2021-03-18 01:07:37,270 final model sigmod: [0.59138507, 0.42765346, 0.52871525, 0.5660514, 0.550434, 0.50063455, 0.5719807, 0.43346938, 0.5276693, 0.45056146, 0.5168123, 0.4941092, 0.53789026, 0.39652807, 0.48330432, 0.44873995, 0.5154158, 0.4254755, 0.5746469, 0.45132214, 0.5166481, 0.5229646, 0.5194574, 0.5240996, 0.5866193, 0.48542815, 0.42279106, 0.5052963, 0.5753237, 0.4112261, 0.5237737, 0.5650184, 0.5486788, 0.49693093, 0.5508248, 0.54014176, 0.47844428, 0.502349, 0.52738225, 0.4727319, 0.5282052, 0.5602833, 0.5087066, 0.43714055]
2021-03-18 01:08:31,218 best model sigmod: [0.59003055, 0.4271968, 0.52982104, 0.5648605, 0.55064183, 0.49895072, 0.5711883, 0.4330619, 0.52955234, 0.45096818, 0.5172272, 0.49302307, 0.5361189, 0.39668176, 0.48347187, 0.44980827, 0.5159813, 0.42648315, 0.5730619, 0.45181903, 0.5174387, 0.5225789, 0.5174657, 0.52407956, 0.58595777, 0.48540387, 0.42376298, 0.5050655, 0.576028, 0.4119935, 0.5265047, 0.56513107, 0.5500229, 0.49653673, 0.55015427, 0.5421588, 0.47962642, 0.50254774, 0.5276661, 0.47440225, 0.5275723, 0.5587541, 0.5084352, 0.43644148]
2021-03-18 01:15:23,111 Epoch: 0  lr: 0.01
2021-03-18 01:18:46,881 Train_acc: 76.012740
2021-03-18 01:19:40,474 Train_acc: 76.01274011003872 Valid_acc: 90.20700636942675
2021-03-18 01:19:40,474 Avg sigmod: [0.44951034, 0.4865016, 0.57786787, 0.51457226, 0.5382503, 0.49569368, 0.44020253, 0.5836196, 0.44381005, 0.4619096, 0.42604548, 0.4201657, 0.55943024, 0.556118, 0.43509436, 0.5284611, 0.44204107, 0.4163366, 0.497216, 0.48660475, 0.51317114, 0.49366945, 0.5432913, 0.5002094, 0.52009314, 0.48151082, 0.53362787, 0.44572783, 0.49583134, 0.45925146, 0.42899776, 0.47319874, 0.5345917, 0.5505737, 0.57665, 0.46450862, 0.4518404, 0.5545955, 0.42157656, 0.51954806, 0.5357866, 0.58659446, 0.5541376, 0.53007287]
2021-03-18 01:20:34,428 final model sigmod: [0.4482317, 0.4864525, 0.57900584, 0.51487833, 0.53942907, 0.49784535, 0.4379788, 0.5846074, 0.44489187, 0.4590158, 0.42306453, 0.42311177, 0.5582166, 0.5580868, 0.43532252, 0.5284428, 0.44047102, 0.4155693, 0.49586806, 0.48766446, 0.51364607, 0.4934245, 0.5450341, 0.50242347, 0.51839393, 0.4817697, 0.53322816, 0.4458777, 0.49461833, 0.46077138, 0.43012634, 0.47196084, 0.5331525, 0.55118287, 0.57768154, 0.46445996, 0.45247817, 0.5532969, 0.42435756, 0.51752055, 0.5363952, 0.5875951, 0.55484605, 0.52884114]
2021-03-18 01:21:28,069 best model sigmod: [0.44878808, 0.48733968, 0.5815182, 0.5168392, 0.5400106, 0.49660534, 0.43986216, 0.58756554, 0.4452621, 0.46130005, 0.42396578, 0.42013806, 0.5599716, 0.55825615, 0.4330948, 0.5263382, 0.44120955, 0.4150001, 0.4950769, 0.4835019, 0.512475, 0.49205035, 0.5438119, 0.5030643, 0.5184053, 0.48234662, 0.53352356, 0.44438952, 0.49265188, 0.4589158, 0.4272124, 0.47527972, 0.5376502, 0.55282533, 0.5786427, 0.4653166, 0.45090213, 0.5535995, 0.4212808, 0.5170817, 0.5357674, 0.5885355, 0.55583346, 0.52927077]
2021-03-18 01:25:24,396 Epoch: 0  lr: 0.01
2021-03-18 01:28:48,302 Train_acc: 65.910222
2021-03-18 01:29:42,568 Train_acc: 65.91022195072806 Valid_acc: 70.70063694267516
2021-03-18 01:29:42,568 Avg sigmod: [0.5051632, 0.5340756, 0.48495716, 0.5306516, 0.44485512, 0.57162493, 0.4367848, 0.43158826, 0.5314292, 0.45159584, 0.45976534, 0.4246408, 0.54619175, 0.4928854, 0.45680737, 0.4937633, 0.47537714, 0.49030775, 0.49156514, 0.44449425, 0.43772548, 0.537444, 0.53945684, 0.427241, 0.5157899, 0.52613014, 0.489628, 0.43706217, 0.5266611, 0.48220572, 0.5175235, 0.42899984, 0.5010061, 0.44165236, 0.42768794, 0.41103658, 0.54133445, 0.49743953, 0.5456649, 0.39814317, 0.43705687, 0.52935857, 0.48534408, 0.53038126]
2021-03-18 01:29:42,568 Epoch: 1  lr: 0.009995066212363998
2021-03-18 01:33:15,281 Train_acc: 87.170300
2021-03-18 01:34:10,409 Train_acc: 87.17029960027106 Valid_acc: 94.5859872611465
2021-03-18 01:34:10,409 Avg sigmod: [0.51399064, 0.5327637, 0.4849165, 0.5296185, 0.4642369, 0.5696943, 0.43965858, 0.43480745, 0.5327941, 0.46060604, 0.46052557, 0.4201254, 0.56714386, 0.4962759, 0.45226282, 0.48962063, 0.47429687, 0.4885792, 0.50236624, 0.44784126, 0.46368235, 0.53701586, 0.5428108, 0.42433223, 0.5153635, 0.5217679, 0.49135333, 0.43666616, 0.5383644, 0.4869458, 0.522181, 0.42550746, 0.5127748, 0.440724, 0.42496616, 0.43371218, 0.5415573, 0.49658853, 0.56042707, 0.39580157, 0.4338286, 0.54342735, 0.4869136, 0.5268236]
2021-03-18 01:34:10,411 Epoch: 2  lr: 0.009982739958561531
2021-03-18 01:37:45,258 Train_acc: 96.337215
2021-03-18 01:38:40,749 Train_acc: 96.33721511717802 Valid_acc: 97.77070063694268
2021-03-18 01:38:40,749 Avg sigmod: [0.524186, 0.53079236, 0.48223224, 0.5261453, 0.48962235, 0.5616597, 0.44052237, 0.42806873, 0.5405881, 0.46341452, 0.46159825, 0.41682965, 0.5998653, 0.5050755, 0.4469939, 0.48744148, 0.47523648, 0.4829862, 0.50692374, 0.4485957, 0.4693094, 0.5466568, 0.5497839, 0.42127204, 0.517899, 0.51518893, 0.49735227, 0.43392548, 0.5509766, 0.49500084, 0.5188763, 0.4271953, 0.52729553, 0.44058353, 0.4309016, 0.44054073, 0.54730105, 0.4960248, 0.5775629, 0.39832956, 0.4366219, 0.5538647, 0.4890217, 0.52544194]
2021-03-18 01:38:40,749 Epoch: 3  lr: 0.009965501206540708
2021-03-18 01:42:15,054 Train_acc: 97.840151
2021-03-18 01:43:11,466 Train_acc: 97.84015128894197 Valid_acc: 97.73089171974522
2021-03-18 01:43:11,466 Avg sigmod: [0.5333432, 0.5307027, 0.4801376, 0.52350485, 0.50669694, 0.560653, 0.44030803, 0.43428922, 0.5465106, 0.46647057, 0.46000123, 0.41422266, 0.614302, 0.51223344, 0.44559377, 0.4872777, 0.4755895, 0.4785412, 0.51096785, 0.44938964, 0.47418484, 0.55306685, 0.55345356, 0.42342073, 0.51901186, 0.51308477, 0.5031524, 0.43295607, 0.55729705, 0.49994087, 0.5156741, 0.4290038, 0.5353503, 0.43764776, 0.43157116, 0.445127, 0.5533707, 0.49799928, 0.5875522, 0.40133443, 0.43998343, 0.5615093, 0.49101606, 0.5268204]
2021-03-18 01:43:11,467 Epoch: 4  lr: 0.00994336696526138
2021-03-18 01:46:48,027 Train_acc: 98.636409
2021-03-18 01:47:43,714 Train_acc: 98.63640887827212 Valid_acc: 98.328025477707
2021-03-18 01:47:43,714 Avg sigmod: [0.5408817, 0.53061, 0.47760454, 0.5214273, 0.52648884, 0.5606829, 0.44086823, 0.43740797, 0.5499351, 0.4701283, 0.45654893, 0.40934205, 0.61976296, 0.5171127, 0.44345102, 0.4881258, 0.47744274, 0.4762643, 0.51608735, 0.45055223, 0.4783543, 0.5554699, 0.55952746, 0.42369953, 0.519381, 0.5142396, 0.5065152, 0.43310675, 0.5646982, 0.50373566, 0.5149452, 0.42718378, 0.5409223, 0.43646017, 0.42898512, 0.444384, 0.5572852, 0.4985908, 0.59341496, 0.40226227, 0.44101715, 0.5691376, 0.492414, 0.5273255]
2021-03-18 01:47:43,714 Epoch: 5  lr: 0.009916359074934003
2021-03-18 01:51:20,151 Train_acc: 98.765801
2021-03-18 01:52:15,906 Train_acc: 98.76580073653827 Valid_acc: 98.96496815286625
2021-03-18 01:52:15,906 Avg sigmod: [0.54705524, 0.5319801, 0.4780634, 0.52073324, 0.5413353, 0.5648457, 0.43920836, 0.44201088, 0.5540291, 0.47567004, 0.45532554, 0.4077696, 0.6218665, 0.5240415, 0.441338, 0.48648015, 0.47599036, 0.4720251, 0.5148733, 0.4482636, 0.4845759, 0.5564998, 0.5649159, 0.42636132, 0.51912725, 0.51197255, 0.50664, 0.43243307, 0.56926787, 0.507768, 0.51190287, 0.42856508, 0.5393737, 0.43624324, 0.4283305, 0.44486833, 0.5565802, 0.5027959, 0.5944363, 0.40695316, 0.44456187, 0.57294405, 0.4917605, 0.52932584]
2021-03-18 01:52:15,909 Epoch: 6  lr: 0.009884504185462434
2021-03-18 01:55:54,467 Train_acc: 99.064397
2021-03-18 01:56:50,123 Train_acc: 99.06439733253707 Valid_acc: 99.40286624203821
2021-03-18 01:56:50,123 Avg sigmod: [0.55273926, 0.53391016, 0.47469038, 0.51743317, 0.5523243, 0.565137, 0.4397884, 0.44207716, 0.5610341, 0.4790055, 0.4568046, 0.40565982, 0.62567216, 0.52803576, 0.44043547, 0.48813438, 0.4761927, 0.47139454, 0.5168666, 0.4481934, 0.4857211, 0.55801165, 0.56809276, 0.42692947, 0.5199081, 0.5105682, 0.5113176, 0.42993918, 0.5747511, 0.5093186, 0.5117014, 0.43017012, 0.54343486, 0.43584618, 0.42778048, 0.4430824, 0.5599927, 0.5024667, 0.59773123, 0.41302052, 0.4498281, 0.57871974, 0.49253607, 0.5283201]
2021-03-18 01:56:50,139 Epoch: 7  lr: 0.009847833730140029
2021-03-18 02:00:23,607 Train_acc: 99.223649
2021-03-18 02:01:19,052 Train_acc: 99.22364885040311 Valid_acc: 99.76114649681529
2021-03-18 02:01:19,053 Avg sigmod: [0.5612679, 0.5332131, 0.47499925, 0.51577824, 0.55547166, 0.56659615, 0.44011554, 0.44198623, 0.5627885, 0.477497, 0.45598936, 0.4048887, 0.6298489, 0.53365433, 0.44055367, 0.48562747, 0.47619262, 0.46731323, 0.5156076, 0.4476773, 0.49259052, 0.55672425, 0.57378966, 0.42738977, 0.5235596, 0.5083738, 0.51168066, 0.4313748, 0.57421803, 0.51220375, 0.50918025, 0.42856145, 0.54377246, 0.43524852, 0.4292038, 0.44166064, 0.56333905, 0.50417745, 0.5991249, 0.4171235, 0.45923048, 0.58401024, 0.49219227, 0.5288406]
2021-03-18 02:01:19,056 Epoch: 8  lr: 0.00980638389462513
2021-03-18 02:04:57,892 Train_acc: 99.283368
2021-03-18 02:05:53,009 Train_acc: 99.28336816960287 Valid_acc: 99.24363057324841
2021-03-18 02:05:53,009 Avg sigmod: [0.56894946, 0.53354615, 0.47171792, 0.5125695, 0.56616163, 0.56811726, 0.44149438, 0.44166034, 0.56674564, 0.48141494, 0.4556635, 0.4009965, 0.633958, 0.54041916, 0.4371055, 0.48617497, 0.47683638, 0.46484652, 0.5194611, 0.44708386, 0.49280375, 0.5565212, 0.5826037, 0.42514268, 0.52547723, 0.5040958, 0.51462615, 0.4285832, 0.57843685, 0.5152942, 0.5085656, 0.4300899, 0.54673946, 0.43490872, 0.42774588, 0.44152775, 0.5682893, 0.5042686, 0.60473144, 0.41898423, 0.4594759, 0.591227, 0.49230322, 0.5266885]
2021-03-18 02:05:53,009 Epoch: 9  lr: 0.009760195581226453
2021-03-18 02:09:28,992 Train_acc: 99.472479
2021-03-18 02:10:28,147 Train_acc: 99.47247934706877 Valid_acc: 99.48248407643312
2021-03-18 02:10:28,147 Avg sigmod: [0.5705313, 0.5316617, 0.47203317, 0.5098682, 0.5639807, 0.5670888, 0.44113097, 0.44548422, 0.5712236, 0.48424974, 0.45978537, 0.40323132, 0.6357455, 0.54159784, 0.43821555, 0.48644406, 0.47566977, 0.46341237, 0.513114, 0.44482628, 0.5027817, 0.56037784, 0.5824544, 0.4254048, 0.5270952, 0.50011843, 0.51409364, 0.43052286, 0.5782665, 0.5152433, 0.5085718, 0.4304359, 0.54639775, 0.43589488, 0.4316483, 0.4443623, 0.5686264, 0.50535375, 0.6043106, 0.42333078, 0.46525088, 0.5935335, 0.49146327, 0.5263812]
2021-03-18 02:10:28,147 Epoch: 10  lr: 0.009709314368533636
2021-03-18 02:14:12,199 Train_acc: 99.522245
2021-03-18 02:15:11,752 Train_acc: 99.5222454365301 Valid_acc: 99.64171974522293
2021-03-18 02:15:11,752 Avg sigmod: [0.57738274, 0.53226984, 0.47353777, 0.51061416, 0.5677797, 0.57160074, 0.44137937, 0.44798923, 0.5714022, 0.49254656, 0.46094924, 0.40168753, 0.63993216, 0.5479509, 0.43265837, 0.48568416, 0.47152433, 0.46304163, 0.5150327, 0.4459877, 0.51063955, 0.5566528, 0.5865036, 0.4240033, 0.5318295, 0.4977385, 0.51137286, 0.42576346, 0.5843241, 0.5178041, 0.50873566, 0.433501, 0.54919857, 0.43769974, 0.43022078, 0.4409647, 0.5674616, 0.50737965, 0.6063749, 0.4246778, 0.4688993, 0.59937894, 0.4887415, 0.5249605]
2021-03-18 02:15:11,753 Epoch: 11  lr: 0.00965379046643279
2021-03-18 02:18:45,943 Train_acc: 99.581965
2021-03-18 02:19:40,693 Train_acc: 99.58196476560167 Valid_acc: 99.72133757961784
2021-03-18 02:19:40,693 Avg sigmod: [0.5814082, 0.5312388, 0.47480163, 0.5064681, 0.5657269, 0.5693238, 0.44066697, 0.44891638, 0.5781108, 0.49586767, 0.46593943, 0.40381056, 0.6375189, 0.5502473, 0.43293524, 0.487575, 0.4712089, 0.46216565, 0.5117241, 0.44464698, 0.51853496, 0.5567845, 0.58932734, 0.42281803, 0.53435594, 0.49412575, 0.5112044, 0.42547876, 0.58484364, 0.52022856, 0.5112073, 0.43209967, 0.55114806, 0.44101858, 0.4329763, 0.44161624, 0.5683584, 0.5087842, 0.60641825, 0.4289671, 0.47063264, 0.60332906, 0.4889709, 0.523641]
2021-03-18 02:19:40,693 Epoch: 12  lr: 0.009593678666551406
2021-03-18 02:23:17,312 Train_acc: 99.621778
2021-03-18 02:24:13,381 Train_acc: 99.62177764506818 Valid_acc: 99.60191082802548
2021-03-18 02:24:13,382 Avg sigmod: [0.58834946, 0.53137684, 0.47341418, 0.50697446, 0.5702665, 0.5720658, 0.44198704, 0.4493718, 0.5798442, 0.4954884, 0.4624509, 0.3995846, 0.64101464, 0.5544412, 0.43052348, 0.4852994, 0.4728306, 0.46072692, 0.51618683, 0.44587636, 0.52247965, 0.5539847, 0.59613216, 0.42390546, 0.5362219, 0.4959837, 0.51391333, 0.42471823, 0.5896503, 0.5226237, 0.50940347, 0.42917815, 0.5528588, 0.43869027, 0.4305834, 0.43516716, 0.5705707, 0.5084417, 0.60961646, 0.42981157, 0.47511452, 0.60997206, 0.49003845, 0.52321875]
2021-03-18 02:24:13,383 Epoch: 13  lr: 0.009529038288181517
2021-03-18 02:27:49,179 Train_acc: 99.651637
2021-03-18 02:28:44,336 Train_acc: 99.65163730466806 Valid_acc: 99.76114649681529
2021-03-18 02:28:44,336 Avg sigmod: [0.5859977, 0.5300137, 0.47508532, 0.50801045, 0.5644739, 0.5709667, 0.44126716, 0.45387214, 0.5827268, 0.49721533, 0.46657497, 0.4000407, 0.6424537, 0.5547904, 0.43088347, 0.48645258, 0.4711154, 0.45964456, 0.5114444, 0.44228715, 0.5283356, 0.5567651, 0.59857124, 0.42390937, 0.5382699, 0.4920156, 0.50778234, 0.42641348, 0.5835103, 0.5214236, 0.51135314, 0.43227777, 0.5488985, 0.44409066, 0.4331329, 0.44079167, 0.5691942, 0.5098971, 0.605757, 0.43465376, 0.47544757, 0.60719025, 0.48744553, 0.524485]
2021-03-18 02:28:44,336 Epoch: 14  lr: 0.009459933119734493
2021-03-18 02:32:18,670 Train_acc: 99.631731
2021-03-18 02:33:14,111 Train_acc: 99.63173086493481 Valid_acc: 99.8407643312102
2021-03-18 02:33:14,112 Avg sigmod: [0.5919819, 0.52733016, 0.47723728, 0.5103482, 0.5655092, 0.5752021, 0.44188005, 0.4525376, 0.5849036, 0.5038927, 0.46796823, 0.39991194, 0.64512205, 0.56099516, 0.42636403, 0.48595348, 0.46700698, 0.4613594, 0.51390046, 0.4466303, 0.5422179, 0.5530058, 0.60029864, 0.4223362, 0.5422379, 0.49164915, 0.50492465, 0.42342657, 0.5883321, 0.52297187, 0.51414526, 0.43241167, 0.55301225, 0.44530764, 0.43031725, 0.43723613, 0.5680052, 0.5109746, 0.6067523, 0.4362308, 0.47887865, 0.61075675, 0.48482966, 0.52263147]
2021-03-18 02:33:14,114 Epoch: 15  lr: 0.009386431355785154
2021-03-18 02:36:52,969 Train_acc: 99.651637
2021-03-18 02:37:48,000 Train_acc: 99.65163730466806 Valid_acc: 99.80095541401273
2021-03-18 02:37:48,000 Avg sigmod: [0.59552294, 0.52645665, 0.4754676, 0.50647944, 0.56795645, 0.5732409, 0.4421143, 0.45313248, 0.5912434, 0.50604427, 0.47257566, 0.3988648, 0.6450771, 0.56358826, 0.42745203, 0.48803243, 0.46899098, 0.46052852, 0.5145947, 0.44634002, 0.5472099, 0.556116, 0.60230726, 0.42193848, 0.5437346, 0.48869437, 0.50919074, 0.4227086, 0.5897933, 0.5240417, 0.514422, 0.431535, 0.5552966, 0.4440639, 0.4341897, 0.4353885, 0.57200646, 0.5098472, 0.60998106, 0.43889195, 0.48019838, 0.6137701, 0.48785052, 0.52144116]
2021-03-18 02:37:48,000 Epoch: 16  lr: 0.009308605529767429
2021-03-18 02:41:24,533 Train_acc: 99.721310
2021-03-18 02:42:19,701 Train_acc: 99.72130984373445 Valid_acc: 99.80095541401273
2021-03-18 02:42:19,701 Avg sigmod: [0.59646976, 0.524434, 0.47626796, 0.51241475, 0.56625843, 0.57804406, 0.44291124, 0.45917135, 0.5897716, 0.5060566, 0.4683462, 0.3974112, 0.65145993, 0.565095, 0.42471647, 0.48306504, 0.46631926, 0.45908767, 0.5145257, 0.4443756, 0.553774, 0.5528605, 0.6041023, 0.42317414, 0.54085624, 0.49090844, 0.5065101, 0.4251333, 0.5921097, 0.5237587, 0.5143506, 0.43087593, 0.54891264, 0.44451767, 0.42768365, 0.43274635, 0.5677083, 0.5118051, 0.608063, 0.43947825, 0.48850232, 0.613996, 0.4841392, 0.52317345]
2021-03-18 02:42:19,702 Epoch: 17  lr: 0.009226532442387839
2021-03-18 02:45:52,544 Train_acc: 99.711357
2021-03-18 02:46:48,043 Train_acc: 99.71135662386781 Valid_acc: 99.8407643312102
2021-03-18 02:46:48,043 Avg sigmod: [0.6033666, 0.5246321, 0.4774506, 0.50747716, 0.5731095, 0.5732123, 0.44139466, 0.45056733, 0.59542286, 0.51044846, 0.47554046, 0.39860263, 0.6465293, 0.5688866, 0.42510208, 0.48598558, 0.4679238, 0.45876712, 0.51517236, 0.44620067, 0.55978906, 0.5554107, 0.6058067, 0.42199078, 0.5454792, 0.4875915, 0.50922984, 0.42274275, 0.5961257, 0.52827466, 0.5148452, 0.42986616, 0.55534875, 0.444935, 0.43222332, 0.43134803, 0.57091856, 0.5121739, 0.6123332, 0.44108376, 0.49196568, 0.6192841, 0.48705214, 0.52202815]
2021-03-18 02:46:48,043 Epoch: 18  lr: 0.009140293085827521
2021-03-18 02:50:22,975 Train_acc: 99.870608
2021-03-18 02:51:18,231 Train_acc: 99.87060814173385 Valid_acc: 99.76114649681529
2021-03-18 02:51:18,231 Avg sigmod: [0.6051072, 0.52372724, 0.4776794, 0.5073498, 0.5702082, 0.5758865, 0.44232932, 0.4498644, 0.6026003, 0.5131576, 0.47993332, 0.40088266, 0.65080434, 0.56902486, 0.42518798, 0.48659807, 0.46432328, 0.46056566, 0.5146464, 0.44830084, 0.56374425, 0.55630237, 0.60349494, 0.42200875, 0.5475962, 0.48563313, 0.5072409, 0.42238504, 0.5944313, 0.5273114, 0.5162179, 0.43324667, 0.55506915, 0.44582838, 0.4348248, 0.43223006, 0.57321376, 0.5114869, 0.61073273, 0.4449562, 0.49408054, 0.61734504, 0.4852183, 0.5200145]
2021-03-18 02:51:18,232 Epoch: 19  lr: 0.00904997256380754
2021-03-18 02:54:51,881 Train_acc: 99.761123
2021-03-18 02:55:47,146 Train_acc: 99.76112272320096 Valid_acc: 99.72133757961784
2021-03-18 02:55:47,146 Avg sigmod: [0.6055826, 0.5257802, 0.47906607, 0.50917745, 0.56510234, 0.5797366, 0.44122657, 0.45212036, 0.60308754, 0.51720226, 0.48061475, 0.40227112, 0.65573984, 0.57164985, 0.42314687, 0.48540562, 0.46056595, 0.4589542, 0.5121673, 0.44525614, 0.56202316, 0.5580061, 0.60455334, 0.4224318, 0.5494675, 0.4836813, 0.50565577, 0.420654, 0.59804785, 0.5257126, 0.5154279, 0.43818444, 0.5531369, 0.44636545, 0.43258628, 0.4319107, 0.5692694, 0.5148577, 0.611649, 0.44983482, 0.4992516, 0.61754334, 0.48206162, 0.5214615]
2021-03-18 02:55:47,146 Epoch: 20  lr: 0.00895566000759634
2021-03-18 02:59:19,416 Train_acc: 99.830795
2021-03-18 03:00:14,280 Train_acc: 99.83079526226734 Valid_acc: 99.8407643312102
2021-03-18 03:00:14,281 Avg sigmod: [0.60990655, 0.52417994, 0.47822434, 0.50776684, 0.5693852, 0.57775366, 0.4421888, 0.4544383, 0.6072428, 0.5135826, 0.48027855, 0.4008422, 0.6533436, 0.57455575, 0.42432794, 0.48441273, 0.46455723, 0.45644054, 0.5146357, 0.44605994, 0.5675323, 0.55624807, 0.6070472, 0.4220334, 0.5502545, 0.4825546, 0.5099412, 0.4224593, 0.5949054, 0.52884924, 0.5132661, 0.43324953, 0.5527303, 0.44388834, 0.43647766, 0.4319128, 0.5746393, 0.5137757, 0.6137575, 0.45110336, 0.4975876, 0.6213585, 0.48529157, 0.5204281]
2021-03-18 03:00:14,282 Epoch: 21  lr: 0.008857448488042211
2021-03-18 03:03:48,762 Train_acc: 99.820842
2021-03-18 03:04:44,370 Train_acc: 99.82084204240071 Valid_acc: 99.92038216560509
2021-03-18 03:04:44,370 Avg sigmod: [0.6117675, 0.52244353, 0.47893253, 0.5096165, 0.56779385, 0.5803526, 0.44257325, 0.45454568, 0.60544795, 0.51807666, 0.47999907, 0.3978771, 0.6561133, 0.57730496, 0.4210592, 0.48370713, 0.4635492, 0.45695633, 0.5157913, 0.443796, 0.57246935, 0.55271715, 0.61013186, 0.42121822, 0.55064166, 0.48490763, 0.50688773, 0.42228478, 0.5990629, 0.52914083, 0.51493335, 0.431156, 0.5540799, 0.44621086, 0.4313666, 0.42834082, 0.57030433, 0.51433897, 0.6132255, 0.45130357, 0.5015478, 0.62398684, 0.48318776, 0.5207105]
2021-03-18 03:04:44,370 Epoch: 22  lr: 0.008755434923717584
2021-03-18 03:08:18,734 Train_acc: 99.781029
2021-03-18 03:09:14,003 Train_acc: 99.7810291629342 Valid_acc: 99.60191082802548
2021-03-18 03:09:14,003 Avg sigmod: [0.6116096, 0.524006, 0.47672766, 0.50795865, 0.56456983, 0.579836, 0.44355097, 0.4545133, 0.60885906, 0.5210046, 0.48314294, 0.39846903, 0.65451574, 0.57680476, 0.4212281, 0.4845354, 0.4634561, 0.4565815, 0.5157009, 0.44278845, 0.5798466, 0.55452096, 0.6120469, 0.4201385, 0.5506722, 0.48210645, 0.5103322, 0.422084, 0.59872806, 0.5285427, 0.5172238, 0.43175992, 0.5534149, 0.4472045, 0.43194976, 0.43016052, 0.5718473, 0.5136184, 0.6142083, 0.45367128, 0.495687, 0.62441254, 0.48320594, 0.5196221]
2021-03-18 03:09:14,004 Epoch: 23  lr: 0.008649719985265718
2021-03-18 03:12:46,664 Train_acc: 99.880561
2021-03-18 03:13:41,398 Train_acc: 99.88056136160048 Valid_acc: 99.72133757961784
2021-03-18 03:13:41,398 Avg sigmod: [0.61703193, 0.52599436, 0.47892913, 0.5076751, 0.5661279, 0.5796546, 0.4417726, 0.45617265, 0.6114831, 0.52088606, 0.48466235, 0.39882737, 0.659337, 0.58153975, 0.42057037, 0.48346823, 0.4633223, 0.45469514, 0.5165623, 0.44374418, 0.5808062, 0.5514727, 0.6140304, 0.42235082, 0.5542975, 0.48192102, 0.5099484, 0.42005086, 0.5993396, 0.53094083, 0.515108, 0.4325444, 0.5524112, 0.44676846, 0.43256512, 0.42806315, 0.5723103, 0.51646113, 0.61588, 0.45379823, 0.50090414, 0.62976354, 0.48341718, 0.521117]
2021-03-18 03:13:41,414 Epoch: 24  lr: 0.008540407996044176
2021-03-18 03:17:15,277 Train_acc: 99.790982
2021-03-18 03:18:11,013 Train_acc: 99.79098238280083 Valid_acc: 99.92038216560509
2021-03-18 03:18:11,013 Avg sigmod: [0.61052644, 0.5223974, 0.47947463, 0.5098888, 0.55961627, 0.5827775, 0.44351348, 0.45405, 0.6135102, 0.5215592, 0.48738393, 0.39974228, 0.657061, 0.57821, 0.42140955, 0.4843243, 0.46125573, 0.457467, 0.51424164, 0.4429389, 0.5868339, 0.5537772, 0.6110909, 0.41951695, 0.5564209, 0.48098603, 0.5070039, 0.4243172, 0.5942402, 0.5275501, 0.5163552, 0.4322558, 0.5498278, 0.45076305, 0.43312162, 0.43259653, 0.570546, 0.51413983, 0.6100942, 0.45789352, 0.50443923, 0.62392765, 0.48143786, 0.5190099]
2021-03-18 03:18:11,014 Epoch: 25  lr: 0.00842760682916312
2021-03-18 03:21:45,525 Train_acc: 99.830795
2021-03-18 03:22:40,151 Train_acc: 99.83079525239553 Valid_acc: 99.68152866242038
2021-03-18 03:22:40,151 Avg sigmod: [0.6174761, 0.5245815, 0.4798159, 0.5069467, 0.5676541, 0.5835155, 0.4424796, 0.4552343, 0.61975205, 0.5268875, 0.48862615, 0.3991526, 0.6563972, 0.582855, 0.4188355, 0.48529887, 0.4600711, 0.45564723, 0.5165285, 0.44424266, 0.5877335, 0.5504121, 0.6135765, 0.41997212, 0.56191635, 0.4798166, 0.5074631, 0.42015377, 0.600803, 0.5298, 0.5156854, 0.43306556, 0.5570353, 0.44909135, 0.4340524, 0.428557, 0.572302, 0.5168683, 0.6152772, 0.45913762, 0.50513864, 0.63010794, 0.48141536, 0.5195683]
2021-03-18 03:22:40,151 Epoch: 26  lr: 0.008311427801019983
2021-03-18 03:26:16,658 Train_acc: 99.761123
2021-03-18 03:27:12,405 Train_acc: 99.76112272320096 Valid_acc: 99.96019108280255
2021-03-18 03:27:12,405 Avg sigmod: [0.61497796, 0.5246395, 0.48005325, 0.50940615, 0.56057566, 0.58529055, 0.4424824, 0.4563939, 0.61903, 0.5241349, 0.48851627, 0.39991587, 0.6601175, 0.5809989, 0.42008743, 0.48384517, 0.46037716, 0.45494112, 0.5139778, 0.44183964, 0.58724296, 0.5530392, 0.6172663, 0.42111912, 0.56061673, 0.47999644, 0.504872, 0.4226964, 0.59609115, 0.52767503, 0.5165412, 0.43513408, 0.5498627, 0.45104417, 0.43185124, 0.43090725, 0.57097423, 0.51730955, 0.6121565, 0.4609243, 0.5041498, 0.62795913, 0.4799067, 0.5206057]
2021-03-18 03:27:12,408 Epoch: 27  lr: 0.00819198556143549
2021-03-18 03:30:44,661 Train_acc: 99.900468
2021-03-18 03:31:40,460 Train_acc: 99.90046780133373 Valid_acc: 99.8407643312102
2021-03-18 03:31:40,460 Avg sigmod: [0.61587757, 0.52389145, 0.4809237, 0.5082272, 0.56674474, 0.58453894, 0.44195336, 0.4571356, 0.62079513, 0.5302248, 0.4901927, 0.39882115, 0.65597796, 0.5827026, 0.4195806, 0.48630142, 0.4610799, 0.45680737, 0.51593006, 0.44267607, 0.59326875, 0.55594456, 0.6134004, 0.41932696, 0.55985963, 0.48130298, 0.5068709, 0.42114726, 0.6021921, 0.52855855, 0.5176699, 0.43157965, 0.5559379, 0.45081544, 0.43033916, 0.42589647, 0.568893, 0.51675, 0.61341697, 0.46091527, 0.50297254, 0.63050646, 0.48169765, 0.5207047]
2021-03-18 03:31:40,460 Epoch: 28  lr: 0.008069397980499533
2021-03-18 03:35:14,394 Train_acc: 99.820842
2021-03-18 03:36:09,397 Train_acc: 99.82084204240071 Valid_acc: 99.88057324840764
2021-03-18 03:36:09,397 Avg sigmod: [0.61731994, 0.52171725, 0.47783118, 0.5078436, 0.5632318, 0.58596003, 0.44461083, 0.4601105, 0.6239351, 0.5278717, 0.48912245, 0.39604208, 0.6581009, 0.58388245, 0.41777864, 0.4843336, 0.46216702, 0.45516738, 0.5174712, 0.44036594, 0.5954025, 0.55489343, 0.6180097, 0.41818985, 0.56096303, 0.48004517, 0.50909865, 0.42273688, 0.6013108, 0.5290682, 0.51800025, 0.42910013, 0.5525122, 0.45107102, 0.4308725, 0.4277851, 0.5712268, 0.5150014, 0.6142732, 0.4632156, 0.5017068, 0.6333427, 0.4811109, 0.51847184]
2021-03-18 03:36:09,398 Epoch: 29  lr: 0.007943786032238349
2021-03-18 03:39:44,070 Train_acc: 99.800936
2021-03-18 03:40:38,151 Train_acc: 99.80093560266747 Valid_acc: 99.96019108280255
2021-03-18 03:40:38,151 Avg sigmod: [0.618459, 0.522221, 0.4808024, 0.5075282, 0.5639133, 0.5869815, 0.44200873, 0.46186176, 0.62461674, 0.5302516, 0.4917869, 0.39636546, 0.6586484, 0.5881352, 0.4168226, 0.48636714, 0.46028596, 0.4543497, 0.51781994, 0.44045573, 0.6001819, 0.552027, 0.6206832, 0.42013, 0.5657145, 0.47837463, 0.50743943, 0.42090002, 0.6022093, 0.5307363, 0.5193094, 0.43372908, 0.55343986, 0.4529128, 0.42948714, 0.42824435, 0.569722, 0.51865447, 0.614848, 0.4624626, 0.50502485, 0.6346424, 0.48073792, 0.52025145]
2021-03-18 03:40:38,151 Epoch: 30  lr: 0.007815273675217897
2021-03-18 03:44:13,914 Train_acc: 99.840748
2021-03-18 03:45:09,645 Train_acc: 99.84074848213398 Valid_acc: 99.88057324840764
2021-03-18 03:45:09,646 Avg sigmod: [0.62274677, 0.5203876, 0.48131758, 0.506578, 0.565569, 0.5866455, 0.44208995, 0.46409717, 0.62622076, 0.5315537, 0.49172583, 0.39556986, 0.6588684, 0.58954227, 0.41659755, 0.4855415, 0.46199903, 0.45305142, 0.519301, 0.44091663, 0.60653234, 0.549446, 0.6235235, 0.41951528, 0.5650118, 0.4796191, 0.50874424, 0.42127675, 0.6039563, 0.5324896, 0.5187653, 0.42942458, 0.55338395, 0.45231432, 0.43011713, 0.4270548, 0.57092464, 0.5191041, 0.6163415, 0.46232733, 0.50583386, 0.638286, 0.48190236, 0.52060443]
2021-03-18 03:45:09,647 Epoch: 31  lr: 0.0076839877302010955
2021-03-18 03:48:43,386 Train_acc: 99.910421
2021-03-18 03:49:38,607 Train_acc: 99.91042102120036 Valid_acc: 99.92038216560509
2021-03-18 03:49:38,607 Avg sigmod: [0.6250317, 0.5193743, 0.4808701, 0.5083396, 0.56879646, 0.5891544, 0.44284225, 0.46436876, 0.6300865, 0.5306442, 0.49359527, 0.39714116, 0.66507846, 0.5914763, 0.41492033, 0.4842144, 0.45869994, 0.45354223, 0.51923245, 0.4432865, 0.6038585, 0.5519556, 0.6202466, 0.4207286, 0.56754905, 0.47790948, 0.506485, 0.41890287, 0.60360795, 0.53216666, 0.51760834, 0.43411025, 0.55406255, 0.45155835, 0.42966166, 0.4250098, 0.572033, 0.5189454, 0.6172203, 0.46403703, 0.51187015, 0.63819885, 0.47927064, 0.51931244]
2021-03-18 03:49:38,607 Epoch: 32  lr: 0.00755005775497965
2021-03-18 03:53:14,703 Train_acc: 99.880561
2021-03-18 03:54:10,485 Train_acc: 99.88056136160048 Valid_acc: 99.88057324840764
2021-03-18 03:54:10,486 Avg sigmod: [0.62546206, 0.5194006, 0.4821716, 0.50819695, 0.5710357, 0.58858556, 0.44302005, 0.4626514, 0.62903297, 0.53350294, 0.49517232, 0.39643493, 0.6611252, 0.5925074, 0.41439685, 0.48507184, 0.46187964, 0.45412308, 0.5188936, 0.44252387, 0.60586387, 0.5540996, 0.62299526, 0.41723925, 0.5684335, 0.47674018, 0.50600004, 0.41850764, 0.60464203, 0.5326177, 0.51744497, 0.43158585, 0.55714124, 0.45334738, 0.4334169, 0.42527467, 0.5708523, 0.51694125, 0.6181038, 0.46418697, 0.5095083, 0.6391636, 0.48182517, 0.5175108]
2021-03-18 03:54:10,487 Epoch: 33  lr: 0.007413615916503878
2021-03-18 03:57:43,159 Train_acc: 99.890515
2021-03-18 03:58:37,929 Train_acc: 99.8905145814671 Valid_acc: 99.92038216560509
2021-03-18 03:58:37,929 Avg sigmod: [0.62606394, 0.5192663, 0.48536578, 0.51067346, 0.56541663, 0.59075916, 0.4412319, 0.46508497, 0.6303367, 0.53429466, 0.4968111, 0.3996794, 0.66907203, 0.5941453, 0.41302022, 0.48266155, 0.4554917, 0.45228466, 0.51463765, 0.4421715, 0.60783434, 0.55200535, 0.6212932, 0.4204603, 0.5700081, 0.4752701, 0.4997529, 0.41829997, 0.60483706, 0.5330789, 0.5171735, 0.43676195, 0.5532459, 0.4547904, 0.43136334, 0.42643553, 0.5683596, 0.5223401, 0.6159831, 0.46690512, 0.5165318, 0.6369642, 0.4761247, 0.5202701]
2021-03-18 03:58:37,929 Epoch: 34  lr: 0.00727479686043664
2021-03-18 04:02:10,351 Train_acc: 99.870608
2021-03-18 04:03:06,227 Train_acc: 99.87060813186204 Valid_acc: 99.88057324840764
2021-03-18 04:03:06,227 Avg sigmod: [0.62444925, 0.51865876, 0.48376793, 0.5093257, 0.5650364, 0.59272325, 0.4427001, 0.45983043, 0.6310413, 0.536552, 0.49748474, 0.4004558, 0.6666964, 0.59144056, 0.4150111, 0.48366117, 0.4571322, 0.4542498, 0.5151418, 0.4412814, 0.6089763, 0.5537832, 0.6200992, 0.4180293, 0.5686537, 0.47491765, 0.5020446, 0.42021626, 0.6043282, 0.53118247, 0.5178435, 0.43369848, 0.5546118, 0.4536695, 0.43108717, 0.42777854, 0.56853473, 0.51957524, 0.6142182, 0.46874136, 0.5147781, 0.635016, 0.47774988, 0.5184045]
2021-03-18 04:03:06,228 Epoch: 35  lr: 0.00713373757826004
2021-03-18 04:06:40,268 Train_acc: 99.860655
2021-03-18 04:07:35,256 Train_acc: 99.86065492186722 Valid_acc: 99.88057324840764
2021-03-18 04:07:35,256 Avg sigmod: [0.6270684, 0.5161643, 0.4822804, 0.5065997, 0.56996673, 0.5897921, 0.4429153, 0.4607904, 0.6370646, 0.5365832, 0.50019574, 0.39835188, 0.6660737, 0.59488326, 0.41503015, 0.4849636, 0.45799693, 0.4524395, 0.5178468, 0.44163465, 0.6125787, 0.55385965, 0.6228366, 0.4185265, 0.5708413, 0.4734581, 0.50428635, 0.42106596, 0.60640466, 0.53415763, 0.51809114, 0.4324421, 0.5578386, 0.4525661, 0.43413767, 0.42593607, 0.5732212, 0.5196112, 0.61807173, 0.46881932, 0.51573145, 0.6376097, 0.4790073, 0.518205]
2021-03-18 04:07:35,256 Epoch: 36  lr: 0.006990577272065893
2021-03-18 04:11:07,841 Train_acc: 99.880561
2021-03-18 04:12:02,913 Train_acc: 99.88056136160048 Valid_acc: 99.88057324840764
2021-03-18 04:12:02,914 Avg sigmod: [0.6269184, 0.51721734, 0.48454142, 0.50923276, 0.5695741, 0.59242797, 0.44208822, 0.46348754, 0.6340178, 0.5395561, 0.5019537, 0.40053147, 0.66789114, 0.5959674, 0.41345376, 0.48471665, 0.45666233, 0.45383614, 0.51703525, 0.44292483, 0.61117464, 0.5561956, 0.62161696, 0.41852483, 0.5709918, 0.4730524, 0.5028599, 0.41746432, 0.60747004, 0.53284705, 0.5174251, 0.43631425, 0.5599331, 0.45397845, 0.4328863, 0.42404246, 0.5699406, 0.52024585, 0.6175707, 0.46887463, 0.5196274, 0.63732123, 0.4780237, 0.51782984]
2021-03-18 04:12:02,915 Epoch: 37  lr: 0.006845457217163288
2021-03-18 04:15:36,703 Train_acc: 99.890515
2021-03-18 04:16:31,910 Train_acc: 99.8905145814671 Valid_acc: 99.92038216560509
2021-03-18 04:16:31,910 Avg sigmod: [0.6313888, 0.51673394, 0.48336968, 0.50651693, 0.573173, 0.59355676, 0.44235986, 0.46352524, 0.63812375, 0.53989816, 0.5013773, 0.39685372, 0.6665201, 0.59920084, 0.41333508, 0.48549122, 0.45777804, 0.45398092, 0.52268326, 0.4433705, 0.6136597, 0.5526635, 0.6255401, 0.4200893, 0.57368475, 0.4753727, 0.5084356, 0.4177572, 0.61341614, 0.53695065, 0.5185598, 0.43163905, 0.56535375, 0.4513074, 0.4274091, 0.4172276, 0.5723617, 0.5204116, 0.6198531, 0.4676271, 0.5201074, 0.64192784, 0.48008537, 0.51747036]
2021-03-18 04:16:31,910 Epoch: 38  lr: 0.006698520622638714
2021-03-18 04:20:09,463 Train_acc: 99.890515
2021-03-18 04:21:05,411 Train_acc: 99.8905145814671 Valid_acc: 99.8407643312102
2021-03-18 04:21:05,411 Avg sigmod: [0.6281942, 0.5166559, 0.4824179, 0.5083693, 0.5730041, 0.5953462, 0.4435162, 0.46365023, 0.63587976, 0.5425157, 0.5011157, 0.39715847, 0.6665133, 0.5975028, 0.41308302, 0.48509914, 0.4582378, 0.45621648, 0.5227894, 0.44243044, 0.61466557, 0.5544257, 0.6238169, 0.4177626, 0.5720133, 0.47600764, 0.5095915, 0.4181253, 0.61509335, 0.5345422, 0.51976174, 0.43060327, 0.5654043, 0.45066437, 0.4278164, 0.4157033, 0.5687086, 0.5178052, 0.61897516, 0.46826482, 0.51855636, 0.6401733, 0.48018068, 0.51625824]
2021-03-18 04:21:05,412 Epoch: 39  lr: 0.0065499124900061465
2021-03-18 04:24:39,748 Train_acc: 99.880561
2021-03-18 04:25:34,234 Train_acc: 99.88056136160048 Valid_acc: 99.92038216560509
2021-03-18 04:25:34,234 Avg sigmod: [0.6326226, 0.5158035, 0.48456722, 0.5067967, 0.5739285, 0.59424055, 0.44199952, 0.46391797, 0.6379517, 0.5431069, 0.50280416, 0.39513326, 0.66726553, 0.6020198, 0.41081172, 0.48595905, 0.45802045, 0.45157576, 0.522004, 0.44025522, 0.62031454, 0.5505123, 0.630548, 0.4179235, 0.57622886, 0.4737676, 0.50519747, 0.41781598, 0.6124805, 0.5371343, 0.5185858, 0.43147483, 0.56450385, 0.4531954, 0.4297348, 0.4194823, 0.57091045, 0.52198756, 0.6205591, 0.46890408, 0.51902807, 0.64490014, 0.4791502, 0.517856]
2021-03-18 04:25:34,234 Epoch: 40  lr: 0.006399779470086496
2021-03-18 04:29:24,436 Train_acc: 99.860655
2021-03-18 04:30:20,627 Train_acc: 99.86065492186722 Valid_acc: 99.8407643312102
2021-03-18 04:30:20,627 Avg sigmod: [0.6233913, 0.5149797, 0.48436078, 0.508318, 0.5677454, 0.59218895, 0.44234174, 0.46303478, 0.63765395, 0.5420551, 0.50662327, 0.40138125, 0.667033, 0.59505, 0.41433206, 0.48605236, 0.4552946, 0.45568377, 0.51577, 0.44159198, 0.6208502, 0.55661976, 0.6218973, 0.4187699, 0.573699, 0.47363162, 0.50237584, 0.41898504, 0.60819244, 0.53248584, 0.5208627, 0.4359681, 0.5606809, 0.455779, 0.4320286, 0.42275834, 0.5675858, 0.5198463, 0.6150351, 0.47240955, 0.51825464, 0.6361046, 0.47659588, 0.51794726]
2021-03-18 04:30:20,628 Epoch: 41  lr: 0.006248269718257368
2021-03-18 04:33:59,116 Train_acc: 99.900468
2021-03-18 04:34:55,196 Train_acc: 99.90046780133373 Valid_acc: 99.88057324840764
2021-03-18 04:34:55,197 Avg sigmod: [0.62559974, 0.51438475, 0.4817695, 0.50590205, 0.56702715, 0.5915518, 0.44369298, 0.4622449, 0.6397965, 0.53981125, 0.5053634, 0.39857525, 0.66567606, 0.5952922, 0.41525364, 0.48590717, 0.45891196, 0.4529056, 0.51734173, 0.43882838, 0.62306315, 0.55647504, 0.625815, 0.41765708, 0.57462084, 0.47369462, 0.5062871, 0.421436, 0.6069993, 0.5327668, 0.52071893, 0.43080944, 0.55951744, 0.45397964, 0.43323517, 0.42453423, 0.5714976, 0.51886386, 0.6171233, 0.47522563, 0.51371175, 0.63915575, 0.47899777, 0.5179945]
2021-03-18 04:34:55,198 Epoch: 42  lr: 0.0060955327482158156
2021-03-18 04:38:31,772 Train_acc: 99.870608
2021-03-18 04:39:26,950 Train_acc: 99.87060814173385 Valid_acc: 99.92038216560509
2021-03-18 04:39:26,950 Avg sigmod: [0.6281848, 0.5139861, 0.48423332, 0.508207, 0.5707792, 0.5940633, 0.44290596, 0.46366397, 0.6392576, 0.5428013, 0.5071359, 0.3988082, 0.6685577, 0.6002474, 0.4128956, 0.48512825, 0.45820242, 0.4542674, 0.5196252, 0.44112125, 0.62316215, 0.5568074, 0.62547433, 0.41827092, 0.5748934, 0.47389358, 0.5064155, 0.4183607, 0.6115727, 0.5350598, 0.51924103, 0.4321219, 0.561927, 0.45383868, 0.431959, 0.4183969, 0.5690848, 0.51894945, 0.61865675, 0.4732421, 0.51935136, 0.6412513, 0.4792398, 0.517031]
2021-03-18 04:39:26,950 Epoch: 43  lr: 0.005941719284398162
2021-03-18 04:43:00,170 Train_acc: 99.850702
2021-03-18 04:43:55,512 Train_acc: 99.85070170200059 Valid_acc: 99.96019108280255
2021-03-18 04:43:55,512 Avg sigmod: [0.63392955, 0.5130023, 0.48667407, 0.5065038, 0.5753245, 0.5936631, 0.44192964, 0.4631186, 0.6434171, 0.5467161, 0.5119473, 0.4005999, 0.6681619, 0.6038393, 0.41088957, 0.48520494, 0.45670715, 0.45244485, 0.51918215, 0.4423825, 0.62824255, 0.55726516, 0.6263379, 0.4168663, 0.57755494, 0.4690113, 0.5036574, 0.41611233, 0.6129731, 0.53856826, 0.5181269, 0.4329334, 0.5652212, 0.4549752, 0.435625, 0.419514, 0.57058513, 0.52123886, 0.62095845, 0.47306815, 0.5230068, 0.6451387, 0.47859883, 0.515314]
2021-03-18 04:43:55,514 Epoch: 44  lr: 0.005786981113202136
2021-03-18 04:47:31,955 Train_acc: 99.920374
2021-03-18 04:48:26,852 Train_acc: 99.92037424106698 Valid_acc: 99.96019108280255
2021-03-18 04:48:26,852 Avg sigmod: [0.6283754, 0.5147116, 0.48401055, 0.5060227, 0.5712713, 0.5955926, 0.44306785, 0.45793438, 0.64238787, 0.5453792, 0.5103494, 0.40012002, 0.6685046, 0.598951, 0.4144134, 0.48722282, 0.45784706, 0.45534068, 0.5201992, 0.44157434, 0.625878, 0.55770785, 0.6251904, 0.41814494, 0.57576, 0.47361475, 0.5066055, 0.41874212, 0.610914, 0.5342241, 0.52061737, 0.43134245, 0.56321263, 0.45397705, 0.43140322, 0.41967756, 0.5705551, 0.5190748, 0.6171491, 0.47412628, 0.51823187, 0.6411971, 0.47953162, 0.5163874]
2021-03-18 04:48:26,852 Epoch: 45  lr: 0.005631470933157988
2021-03-18 04:52:00,542 Train_acc: 99.890515
2021-03-18 04:52:56,375 Train_acc: 99.8905145814671 Valid_acc: 99.88057324840764
2021-03-18 04:52:56,375 Avg sigmod: [0.6287252, 0.5125842, 0.48511037, 0.50713944, 0.57171047, 0.5954077, 0.44308543, 0.46204454, 0.64367044, 0.5470016, 0.51229495, 0.4002792, 0.6673434, 0.600228, 0.41261473, 0.48618644, 0.45592803, 0.4554824, 0.51825726, 0.4408945, 0.62949497, 0.5573661, 0.6247033, 0.41721565, 0.5770658, 0.47253066, 0.5041834, 0.41875225, 0.61278427, 0.5355646, 0.52058905, 0.43128967, 0.56335056, 0.45618877, 0.43160194, 0.41905993, 0.5681889, 0.5196171, 0.6171437, 0.4743794, 0.52157605, 0.6413361, 0.477672, 0.51577985]
2021-03-18 04:52:56,375 Epoch: 46  lr: 0.005475342204195888
2021-03-18 04:56:31,923 Train_acc: 99.920374
2021-03-18 04:57:27,567 Train_acc: 99.92037424106698 Valid_acc: 99.96019108280255
2021-03-18 04:57:27,567 Avg sigmod: [0.6311804, 0.51518434, 0.48599848, 0.50975555, 0.57165605, 0.59909886, 0.4423632, 0.46230513, 0.6420797, 0.54652715, 0.5099522, 0.3994181, 0.6733848, 0.6035439, 0.4111382, 0.48454794, 0.4554127, 0.45377988, 0.5201176, 0.4409812, 0.6283779, 0.5543214, 0.6272986, 0.41991964, 0.5774471, 0.47406024, 0.503183, 0.41721877, 0.6123884, 0.5353848, 0.518876, 0.43331417, 0.5600186, 0.45435157, 0.4283673, 0.41764817, 0.5678732, 0.5220531, 0.61764985, 0.474573, 0.5241264, 0.6436278, 0.47706467, 0.51784277]
2021-03-18 04:57:27,567 Epoch: 47  lr: 0.00531874899615804
2021-03-18 05:01:02,520 Train_acc: 99.890515
2021-03-18 05:01:59,005 Train_acc: 99.8905145814671 Valid_acc: 99.92038216560509
2021-03-18 05:01:59,005 Avg sigmod: [0.6297696, 0.51474583, 0.48475328, 0.5085528, 0.57033175, 0.59970987, 0.44258577, 0.46740475, 0.64306694, 0.5459624, 0.51120394, 0.3961365, 0.6708112, 0.60489976, 0.4114049, 0.48591048, 0.45745698, 0.45231724, 0.5205601, 0.4368011, 0.62944776, 0.55510443, 0.6320473, 0.4182802, 0.5785451, 0.47313684, 0.50402004, 0.41986948, 0.6128164, 0.53564334, 0.51856315, 0.4311778, 0.561177, 0.45487958, 0.42781726, 0.41878337, 0.5674358, 0.52157754, 0.6187287, 0.4757009, 0.5228424, 0.64470696, 0.4788049, 0.5176517]
2021-03-18 05:01:59,021 Epoch: 48  lr: 0.005161845836704489
2021-03-18 05:05:34,759 Train_acc: 99.920374
2021-03-18 05:06:30,314 Train_acc: 99.92037424106698 Valid_acc: 99.8407643312102
2021-03-18 05:06:30,329 Avg sigmod: [0.62759435, 0.5143954, 0.48447004, 0.50565493, 0.56979597, 0.5952569, 0.44324917, 0.4624556, 0.6429952, 0.5444811, 0.5132774, 0.3991083, 0.6653808, 0.6022289, 0.4128034, 0.4876945, 0.45909542, 0.45280305, 0.5167399, 0.43759695, 0.6315268, 0.558457, 0.6307703, 0.41642132, 0.57848567, 0.4702584, 0.5035805, 0.41934556, 0.60767955, 0.5346265, 0.5200643, 0.4314002, 0.56095016, 0.45839524, 0.4335352, 0.42611036, 0.5694454, 0.519848, 0.6176408, 0.47960562, 0.5161723, 0.6440229, 0.47939792, 0.51599187]
2021-03-18 05:06:30,329 Epoch: 49  lr: 0.005004787558762091
2021-03-18 05:10:05,026 Train_acc: 99.910421
2021-03-18 05:11:00,508 Train_acc: 99.91042102120036 Valid_acc: 99.88057324840764
2021-03-18 05:11:00,524 Avg sigmod: [0.63445413, 0.5158109, 0.4853602, 0.5056745, 0.57419086, 0.59758186, 0.44259113, 0.46212548, 0.64689916, 0.54859656, 0.51521987, 0.40051627, 0.67052877, 0.6057008, 0.41073102, 0.4855822, 0.45649377, 0.45295772, 0.5200426, 0.44109517, 0.6315659, 0.55606425, 0.6315931, 0.41812548, 0.5797759, 0.47080216, 0.5052607, 0.4154738, 0.61453414, 0.5376194, 0.5196153, 0.43206006, 0.56292325, 0.45558223, 0.43189302, 0.41877955, 0.57019913, 0.5217733, 0.62129414, 0.47733983, 0.52291876, 0.6481725, 0.47814298, 0.51562715]
2021-03-18 05:11:00,524 Epoch: 50  lr: 0.004847729147666627
2021-03-18 05:14:34,230 Train_acc: 99.850702
2021-03-18 05:15:28,862 Train_acc: 99.85070170200059 Valid_acc: 100.0
2021-03-18 05:15:28,862 Avg sigmod: [0.6311486, 0.51489395, 0.48658913, 0.50585383, 0.57342255, 0.5955164, 0.44166738, 0.4647948, 0.64449865, 0.5468877, 0.5155312, 0.39931524, 0.6664815, 0.6056881, 0.4111386, 0.48730087, 0.45790258, 0.4517352, 0.51685023, 0.4385086, 0.63530874, 0.55657214, 0.6327548, 0.41784373, 0.58117354, 0.47145414, 0.50117993, 0.41702956, 0.6107619, 0.5366338, 0.51992583, 0.43201226, 0.5617164, 0.4588603, 0.4334739, 0.42287517, 0.56860787, 0.5225913, 0.6198474, 0.47859254, 0.51963603, 0.64759696, 0.47825545, 0.51778287]
2021-03-18 05:15:28,878 Epoch: 51  lr: 0.004690825588148042
2021-03-18 05:19:06,523 Train_acc: 99.910421
2021-03-18 05:20:01,786 Train_acc: 99.91042102120036 Valid_acc: 99.92038216560509
2021-03-18 05:20:01,786 Avg sigmod: [0.6291172, 0.5146919, 0.48349628, 0.50496143, 0.5721125, 0.59586143, 0.44357413, 0.4623258, 0.64604056, 0.5460492, 0.51692, 0.3988093, 0.66686326, 0.6029957, 0.41316813, 0.48669928, 0.4598977, 0.4528224, 0.5168704, 0.4367271, 0.6320421, 0.56121665, 0.6311978, 0.41604987, 0.57817286, 0.47018605, 0.50421053, 0.42033044, 0.60910743, 0.5353774, 0.5194346, 0.43005508, 0.5608694, 0.45727634, 0.43509954, 0.42359537, 0.5694574, 0.5186423, 0.61896765, 0.4792599, 0.5183257, 0.6455843, 0.47967538, 0.5155122]
2021-03-18 05:20:01,802 Epoch: 52  lr: 0.004534231711309011
2021-03-18 05:23:37,344 Train_acc: 99.950234
2021-03-18 05:24:33,212 Train_acc: 99.95023390066686 Valid_acc: 99.92038216560509
2021-03-18 05:24:33,212 Avg sigmod: [0.63112175, 0.51389587, 0.48483688, 0.5084475, 0.57341236, 0.5995382, 0.4437657, 0.4640808, 0.64651364, 0.548884, 0.517387, 0.39858726, 0.66945636, 0.6068168, 0.41000772, 0.48592854, 0.45689735, 0.4539523, 0.5191623, 0.43897325, 0.6335541, 0.5597399, 0.62875444, 0.41659418, 0.5809114, 0.4719401, 0.50347173, 0.41739163, 0.6120292, 0.53575027, 0.51930535, 0.43194562, 0.56211907, 0.45665568, 0.4323519, 0.4194448, 0.5680527, 0.5193251, 0.6200682, 0.47918686, 0.521489, 0.6453967, 0.47800392, 0.51536083]
2021-03-18 05:24:33,212 Epoch: 53  lr: 0.004378102041746765
2021-03-18 05:28:07,744 Train_acc: 99.910421
2021-03-18 05:29:02,217 Train_acc: 99.91042102120036 Valid_acc: 99.92038216560509
2021-03-18 05:29:02,217 Avg sigmod: [0.62717354, 0.5131933, 0.4856646, 0.50709975, 0.570519, 0.5975262, 0.44334275, 0.45956826, 0.64627993, 0.5505594, 0.51968074, 0.40122747, 0.66887796, 0.60252064, 0.41243893, 0.4879156, 0.45559892, 0.45606428, 0.5161871, 0.43886703, 0.634463, 0.5608526, 0.6255976, 0.41704544, 0.5803425, 0.47291708, 0.50122315, 0.4192396, 0.6117185, 0.53382605, 0.52124465, 0.43149176, 0.56269586, 0.4590415, 0.43283448, 0.4220776, 0.5668289, 0.51948375, 0.6163681, 0.4802391, 0.5199367, 0.6417138, 0.47691703, 0.5163895]
2021-03-18 05:29:02,217 Epoch: 54  lr: 0.004222590644967845
2021-03-18 05:32:35,217 Train_acc: 99.880561
2021-03-18 05:33:30,665 Train_acc: 99.88056135172866 Valid_acc: 99.92038216560509
2021-03-18 05:33:30,665 Avg sigmod: [0.63519806, 0.5144619, 0.48712754, 0.5056857, 0.5741941, 0.59808624, 0.44229275, 0.4654661, 0.6492356, 0.5491214, 0.5211464, 0.39994183, 0.6717384, 0.60919833, 0.40995082, 0.48626503, 0.45724392, 0.45034584, 0.51796234, 0.43769425, 0.6334874, 0.55849, 0.6332031, 0.41691804, 0.58213335, 0.46748963, 0.50113094, 0.41743645, 0.6114294, 0.53883684, 0.5179951, 0.43206587, 0.56432414, 0.45834517, 0.43575996, 0.42267117, 0.57068753, 0.52273387, 0.6212711, 0.47991413, 0.5239782, 0.6496018, 0.4781331, 0.51565826]
2021-03-18 05:33:30,665 Epoch: 55  lr: 0.00406785097524497
2021-03-18 05:37:09,196 Train_acc: 99.920374
2021-03-18 05:38:04,697 Train_acc: 99.92037424106698 Valid_acc: 99.96019108280255
2021-03-18 05:38:04,697 Avg sigmod: [0.6303793, 0.51391923, 0.48506713, 0.50432074, 0.57327235, 0.5969625, 0.4430851, 0.46434444, 0.64930665, 0.55022097, 0.5224794, 0.39996824, 0.6682763, 0.60657954, 0.4109145, 0.48889598, 0.4564105, 0.45318246, 0.51753163, 0.4371604, 0.6341968, 0.5606028, 0.6288653, 0.41690072, 0.5833417, 0.4691097, 0.5022569, 0.41748586, 0.6120079, 0.5361586, 0.5206662, 0.43267614, 0.56562006, 0.4595754, 0.43400893, 0.42272344, 0.56917816, 0.52084315, 0.61952174, 0.48153526, 0.52073187, 0.64630806, 0.4776892, 0.51550573]
2021-03-18 05:38:04,698 Epoch: 56  lr: 0.003914035724064513
2021-03-18 05:41:40,139 Train_acc: 99.890515
2021-03-18 05:42:35,758 Train_acc: 99.8905145814671 Valid_acc: 99.92038216560509
2021-03-18 05:42:35,758 Avg sigmod: [0.63212645, 0.5149909, 0.48522243, 0.5041358, 0.5753492, 0.59810126, 0.44240108, 0.46475047, 0.64929, 0.5500801, 0.5210017, 0.40026474, 0.6703621, 0.60774845, 0.41186467, 0.48768625, 0.45788088, 0.45226568, 0.5192064, 0.43721142, 0.63384134, 0.5594326, 0.63103116, 0.41831833, 0.5814872, 0.4696094, 0.50356376, 0.41768044, 0.6143261, 0.53690344, 0.5199059, 0.43107978, 0.5659094, 0.45701528, 0.43356317, 0.41962734, 0.56953776, 0.5217474, 0.62079847, 0.48024225, 0.52281, 0.6479636, 0.47920614, 0.51653135]
2021-03-18 05:42:35,758 Epoch: 57  lr: 0.003761296669312148
2021-03-18 05:46:09,182 Train_acc: 99.930327
2021-03-18 05:47:03,851 Train_acc: 99.93032746093361 Valid_acc: 99.92038216560509
2021-03-18 05:47:03,851 Avg sigmod: [0.63121474, 0.51355445, 0.48407936, 0.50437176, 0.5725543, 0.5980793, 0.4440795, 0.46042103, 0.6507181, 0.5495486, 0.52325547, 0.4013915, 0.67026365, 0.60587585, 0.41225332, 0.48645386, 0.4576223, 0.45263943, 0.5172726, 0.43623933, 0.63420856, 0.5629047, 0.6289092, 0.41593271, 0.5798806, 0.46645752, 0.5034982, 0.41967732, 0.61057174, 0.5365521, 0.5194345, 0.43081665, 0.56372744, 0.45771188, 0.43602672, 0.42266932, 0.5698018, 0.51924473, 0.618974, 0.48215413, 0.5225855, 0.6453679, 0.47843656, 0.51356]
2021-03-18 05:47:03,852 Epoch: 58  lr: 0.0036097845253432502
2021-03-18 05:50:39,336 Train_acc: 99.910421
2021-03-18 05:51:34,706 Train_acc: 99.91042102120036 Valid_acc: 100.0
2021-03-18 05:51:34,706 Avg sigmod: [0.63569105, 0.51461947, 0.4863984, 0.505185, 0.57711434, 0.6000527, 0.4428192, 0.46413714, 0.6487148, 0.552664, 0.52176857, 0.4002034, 0.67118895, 0.6102178, 0.4090345, 0.4871102, 0.45737782, 0.45264181, 0.5210235, 0.43819863, 0.6366666, 0.55872905, 0.63332516, 0.41719303, 0.58297694, 0.469052, 0.5022921, 0.4154306, 0.61660534, 0.5379268, 0.5199841, 0.431002, 0.5666692, 0.45828396, 0.43211284, 0.41814762, 0.5683819, 0.52186304, 0.6218347, 0.48039025, 0.5239946, 0.6511619, 0.4785131, 0.5150618]
2021-03-18 05:51:34,706 Epoch: 59  lr: 0.0034596487940832662
2021-03-18 05:55:07,536 Train_acc: 99.930327
2021-03-18 05:56:03,681 Train_acc: 99.93032746093361 Valid_acc: 99.92038216560509
2021-03-18 05:56:03,682 Avg sigmod: [0.6297145, 0.5142429, 0.48568797, 0.504834, 0.5719992, 0.5972742, 0.44283515, 0.46106538, 0.64870024, 0.54770935, 0.52343833, 0.40207037, 0.6696331, 0.60570854, 0.41352478, 0.4869824, 0.45907918, 0.45227376, 0.5163171, 0.43583193, 0.6353554, 0.5630592, 0.62979573, 0.417234, 0.5797115, 0.4674871, 0.5023834, 0.42034808, 0.6084778, 0.5361213, 0.51872754, 0.43062538, 0.56178343, 0.45860186, 0.4366563, 0.4239045, 0.5690362, 0.52021277, 0.61771834, 0.4820806, 0.52113515, 0.64571935, 0.47948384, 0.5153906]
2021-03-18 05:56:03,683 Epoch: 60  lr: 0.0033110376173016397
2021-03-18 05:59:39,689 Train_acc: 99.910421
2021-03-18 06:00:34,249 Train_acc: 99.91042102120036 Valid_acc: 99.96019108280255
2021-03-18 06:00:34,249 Avg sigmod: [0.6340694, 0.5122112, 0.48518878, 0.50406075, 0.5743028, 0.5969131, 0.44369784, 0.4634878, 0.65169054, 0.5496052, 0.5246055, 0.3998802, 0.66839147, 0.6091844, 0.4100686, 0.48713952, 0.45745173, 0.45023537, 0.5174111, 0.43511754, 0.6387657, 0.5605612, 0.6331121, 0.41613817, 0.58354855, 0.4662016, 0.501226, 0.4190454, 0.6108932, 0.5382081, 0.5199868, 0.43046933, 0.56346405, 0.46055132, 0.43628225, 0.4244608, 0.5710114, 0.52155626, 0.6206634, 0.48375922, 0.5217293, 0.6496955, 0.47756425, 0.514776]
2021-03-18 06:00:34,249 Epoch: 61  lr: 0.00316409763020132
2021-03-18 06:04:05,844 Train_acc: 99.940281
2021-03-18 06:05:00,552 Train_acc: 99.94028068080024 Valid_acc: 100.0
2021-03-18 06:05:00,552 Avg sigmod: [0.63196087, 0.51348376, 0.48732537, 0.50615126, 0.574041, 0.59841543, 0.4425071, 0.46521983, 0.64799654, 0.54947746, 0.5213511, 0.4003706, 0.66837204, 0.6081263, 0.41171664, 0.48649183, 0.45896548, 0.45207015, 0.51829565, 0.43633312, 0.64090735, 0.55870557, 0.6326306, 0.4176669, 0.5812159, 0.4711646, 0.50076365, 0.41994447, 0.6128471, 0.53767145, 0.5198922, 0.42756337, 0.5625723, 0.4591785, 0.43291825, 0.4200937, 0.56729734, 0.521881, 0.6185454, 0.48091298, 0.52256083, 0.6489678, 0.479057, 0.5170237]
2021-03-18 06:05:00,552 Epoch: 62  lr: 0.003018973816463547
2021-03-18 06:08:38,186 Train_acc: 99.940281
2021-03-18 06:09:33,019 Train_acc: 99.94028067092843 Valid_acc: 99.88057324840764
2021-03-18 06:09:33,019 Avg sigmod: [0.63025296, 0.5141235, 0.48605007, 0.5052761, 0.5738707, 0.59759057, 0.44269553, 0.46438438, 0.6503327, 0.549876, 0.52423215, 0.40177736, 0.6693142, 0.60701454, 0.41267523, 0.4878245, 0.45745844, 0.45264983, 0.51747465, 0.43688828, 0.63812244, 0.5609917, 0.62983686, 0.41805568, 0.5816334, 0.47018194, 0.5021373, 0.4192914, 0.61060137, 0.53623307, 0.5203196, 0.43084517, 0.56304187, 0.45907182, 0.43466225, 0.421537, 0.5687839, 0.52151835, 0.6183601, 0.48220158, 0.5224842, 0.6464933, 0.4783303, 0.5168626]
2021-03-18 06:09:33,019 Epoch: 63  lr: 0.0028758093648852696
2021-03-18 06:13:08,870 Train_acc: 99.890515
2021-03-18 06:14:04,936 Train_acc: 99.8905145814671 Valid_acc: 99.92038216560509
2021-03-18 06:14:04,936 Avg sigmod: [0.63136655, 0.5150863, 0.48626313, 0.5059184, 0.5709917, 0.598933, 0.44279188, 0.46555147, 0.65070987, 0.55010825, 0.52541363, 0.40352446, 0.6722278, 0.6067758, 0.41138577, 0.48596272, 0.4557547, 0.451644, 0.5160098, 0.43625265, 0.6373459, 0.5609447, 0.6306588, 0.4180088, 0.5811187, 0.46721512, 0.50061387, 0.4185807, 0.61010134, 0.5359468, 0.5199481, 0.433381, 0.5610331, 0.46001062, 0.43529463, 0.42352256, 0.56805694, 0.5225542, 0.61827743, 0.48373476, 0.52476645, 0.64712703, 0.47632942, 0.51605827]
2021-03-18 06:14:04,937 Epoch: 64  lr: 0.0027347455277439672
2021-03-18 06:17:38,338 Train_acc: 99.900468
2021-03-18 06:18:32,703 Train_acc: 99.90046780133373 Valid_acc: 99.96019108280255
2021-03-18 06:18:32,703 Avg sigmod: [0.6329161, 0.5145472, 0.48590407, 0.50570405, 0.57224786, 0.6012663, 0.44367036, 0.4665925, 0.65196574, 0.55296737, 0.5261039, 0.40208703, 0.6720043, 0.6081883, 0.40936142, 0.4866709, 0.4547152, 0.45248038, 0.5184606, 0.43622246, 0.639411, 0.5598273, 0.6315807, 0.4167335, 0.5835552, 0.4670897, 0.5012976, 0.41719428, 0.6142341, 0.53643787, 0.5212679, 0.43190527, 0.5636967, 0.46019095, 0.43214345, 0.421815, 0.5677589, 0.5223013, 0.6190901, 0.4841268, 0.5246638, 0.64901936, 0.47596723, 0.51449746]
2021-03-18 06:18:32,703 Epoch: 65  lr: 0.0025959214810210456
2021-03-18 06:22:07,664 Train_acc: 99.930327
2021-03-18 06:23:03,853 Train_acc: 99.93032746093361 Valid_acc: 99.88057324840764
2021-03-18 06:23:03,853 Avg sigmod: [0.6346236, 0.5146778, 0.48754492, 0.5068666, 0.57442915, 0.60132295, 0.44284886, 0.4655316, 0.6507521, 0.5518789, 0.5241741, 0.40245908, 0.67181873, 0.6095083, 0.4104259, 0.48492986, 0.45686215, 0.45202398, 0.5193566, 0.43761095, 0.64119375, 0.5590074, 0.63231397, 0.41766533, 0.5814776, 0.46920985, 0.50249285, 0.4177743, 0.61460674, 0.53833246, 0.519814, 0.42902222, 0.56241786, 0.45795664, 0.43257236, 0.41870704, 0.56750375, 0.5225745, 0.6197368, 0.48179874, 0.5260218, 0.6502594, 0.47789568, 0.5155399]
2021-03-18 06:23:03,854 Epoch: 66  lr: 0.0024594741866117305
2021-03-18 06:26:45,569 Train_acc: 99.860655
2021-03-18 06:27:40,714 Train_acc: 99.86065492186722 Valid_acc: 99.92038216560509
2021-03-18 06:27:40,714 Avg sigmod: [0.63265693, 0.51482856, 0.486903, 0.50642633, 0.57563263, 0.59924597, 0.44253796, 0.46745196, 0.6502939, 0.5518788, 0.52605426, 0.40139812, 0.67098343, 0.6091457, 0.4099608, 0.4867545, 0.4562985, 0.45172358, 0.5181046, 0.43632817, 0.63977015, 0.55993485, 0.6321074, 0.4179446, 0.5844262, 0.47038826, 0.5007194, 0.41761795, 0.6142061, 0.5368906, 0.52033967, 0.43105942, 0.56307447, 0.4601205, 0.43361178, 0.41954145, 0.56700706, 0.5229585, 0.62029016, 0.48333535, 0.5250552, 0.6499166, 0.47681156, 0.51714826]
2021-03-18 06:27:40,714 Epoch: 67  lr: 0.0023255382566446645
2021-03-18 06:31:14,038 Train_acc: 99.940281
2021-03-18 06:32:08,934 Train_acc: 99.94028068080024 Valid_acc: 100.0
2021-03-18 06:32:08,934 Avg sigmod: [0.6377764, 0.5151708, 0.4867739, 0.5046495, 0.5784534, 0.6018504, 0.44351992, 0.46442336, 0.652609, 0.55383974, 0.52659714, 0.4007041, 0.67264783, 0.61105525, 0.40874833, 0.48660368, 0.45707297, 0.45271578, 0.52263415, 0.438418, 0.64043236, 0.5586786, 0.63449526, 0.4168652, 0.58491975, 0.46896443, 0.50451684, 0.41595158, 0.61809385, 0.53967583, 0.52054226, 0.42836136, 0.56596076, 0.45841855, 0.43210626, 0.41576606, 0.5692938, 0.5218278, 0.6218432, 0.48182893, 0.52658087, 0.6544229, 0.47821432, 0.51391804]
2021-03-18 06:32:08,935 Epoch: 68  lr: 0.0021942458200295057
2021-03-18 06:35:42,767 Train_acc: 99.940281
2021-03-18 06:36:38,006 Train_acc: 99.94028068080024 Valid_acc: 99.92038216560509
2021-03-18 06:36:38,006 Avg sigmod: [0.6368257, 0.5136905, 0.48490953, 0.5028654, 0.57810235, 0.5989169, 0.44413313, 0.4628908, 0.65484846, 0.5504612, 0.5286602, 0.40074903, 0.6693502, 0.6116879, 0.41080824, 0.48732528, 0.45917472, 0.45046026, 0.5208481, 0.4368624, 0.6401036, 0.5626914, 0.6326434, 0.4156917, 0.58389556, 0.46551412, 0.5064233, 0.41838342, 0.61161345, 0.53985906, 0.51877916, 0.42845982, 0.56509626, 0.45787674, 0.4386902, 0.42124265, 0.5732899, 0.52034855, 0.6223517, 0.4841805, 0.5233553, 0.65281373, 0.4799834, 0.5129032]
2021-03-18 06:36:38,006 Epoch: 69  lr: 0.002065726391344827
2021-03-18 06:40:14,964 Train_acc: 99.940281
2021-03-18 06:41:10,198 Train_acc: 99.94028068080024 Valid_acc: 99.92038216560509
2021-03-18 06:41:10,199 Avg sigmod: [0.6358082, 0.5158757, 0.48925334, 0.50678784, 0.57571715, 0.60397315, 0.44177157, 0.46782398, 0.65148157, 0.5562898, 0.5279349, 0.40214652, 0.67443043, 0.6124979, 0.40804943, 0.48697734, 0.4539555, 0.45252213, 0.52048904, 0.4374416, 0.64256537, 0.5569876, 0.6324039, 0.4180301, 0.5859019, 0.46854502, 0.50112957, 0.41541067, 0.6176914, 0.53863776, 0.5204383, 0.4316082, 0.5659275, 0.45963907, 0.43087155, 0.41658688, 0.56552756, 0.52490056, 0.6202396, 0.48241934, 0.52949965, 0.6516984, 0.4763066, 0.515896]
2021-03-18 06:41:10,200 Epoch: 70  lr: 0.001940106742171159
2021-03-18 06:44:45,263 Train_acc: 99.920374
2021-03-18 06:45:41,516 Train_acc: 99.92037423119517 Valid_acc: 100.0
2021-03-18 06:45:41,516 Avg sigmod: [0.6311141, 0.51566464, 0.4869632, 0.50837857, 0.57181287, 0.60457873, 0.44285798, 0.46978194, 0.64863163, 0.55368876, 0.5246315, 0.40043467, 0.6736093, 0.60957897, 0.4089047, 0.4869458, 0.45525536, 0.45318413, 0.5204336, 0.4354431, 0.6411259, 0.5574362, 0.6332973, 0.41829324, 0.5841727, 0.47185, 0.50120485, 0.4174846, 0.61606723, 0.5351374, 0.52165306, 0.4310709, 0.56261224, 0.45987886, 0.42820877, 0.4176814, 0.5641533, 0.52335423, 0.61841, 0.48317593, 0.5264785, 0.64947355, 0.4762168, 0.51738507]
2021-03-18 06:45:41,516 Epoch: 71  lr: 0.001817510774965458
2021-03-18 06:49:16,111 Train_acc: 99.920374
2021-03-18 06:50:11,570 Train_acc: 99.92037424106698 Valid_acc: 99.96019108280255
2021-03-18 06:50:11,570 Avg sigmod: [0.634243, 0.51474535, 0.4863986, 0.50459474, 0.57451236, 0.5986616, 0.44341087, 0.4647695, 0.65330815, 0.5512946, 0.5309544, 0.4041287, 0.6719011, 0.60977864, 0.41038132, 0.48692378, 0.45668656, 0.4506293, 0.5162258, 0.43652505, 0.6390577, 0.56432533, 0.6309593, 0.4159549, 0.58355236, 0.46336752, 0.5014595, 0.41735893, 0.6092941, 0.53735, 0.51916957, 0.43377742, 0.56274027, 0.46132416, 0.44070202, 0.4249763, 0.5703375, 0.5216063, 0.62051505, 0.4863058, 0.5247373, 0.6500709, 0.47713032, 0.5136695]
2021-03-18 06:50:11,572 Epoch: 72  lr: 0.0016980593995622054
2021-03-18 06:53:45,507 Train_acc: 99.970140
2021-03-18 06:54:39,778 Train_acc: 99.97014034040012 Valid_acc: 100.0
2021-03-18 06:54:39,778 Avg sigmod: [0.6335926, 0.51447976, 0.48717564, 0.50646734, 0.57411766, 0.6019131, 0.44325724, 0.46677127, 0.65224063, 0.5522363, 0.52780515, 0.40205568, 0.67233926, 0.6094805, 0.41053241, 0.48608622, 0.4567364, 0.4522944, 0.51918924, 0.43646678, 0.64121634, 0.5605225, 0.63214713, 0.41702422, 0.5831157, 0.46877274, 0.50234354, 0.41895562, 0.6130452, 0.537835, 0.51960474, 0.42942858, 0.5626992, 0.45950955, 0.43448663, 0.41948205, 0.56756014, 0.52182496, 0.61925894, 0.48363298, 0.52699023, 0.64990866, 0.47763854, 0.5151351]
2021-03-18 06:54:39,778 Epoch: 73  lr: 0.001581870412372791
2021-03-18 06:58:13,092 Train_acc: 99.920374
2021-03-18 06:59:08,616 Train_acc: 99.92037424106698 Valid_acc: 99.96019108280255
2021-03-18 06:59:08,616 Avg sigmod: [0.6316732, 0.51422775, 0.4859604, 0.50410247, 0.57149464, 0.60022265, 0.44382924, 0.4650404, 0.65329456, 0.5506148, 0.52916574, 0.40324062, 0.67111975, 0.60690224, 0.41239038, 0.48748264, 0.4574581, 0.4523244, 0.5179173, 0.4361065, 0.6407822, 0.56231064, 0.6316021, 0.41653925, 0.5820919, 0.4667874, 0.50339675, 0.4200028, 0.60971814, 0.536818, 0.5207637, 0.4295574, 0.562415, 0.46049523, 0.4364493, 0.42363167, 0.56986934, 0.52096236, 0.6178275, 0.48495096, 0.52362347, 0.6484598, 0.47812453, 0.5141996]
2021-03-18 06:59:08,617 Epoch: 74  lr: 0.0014690583783376209
2021-03-18 07:02:42,944 Train_acc: 99.930327
2021-03-18 07:03:38,044 Train_acc: 99.93032746093361 Valid_acc: 99.92038216560509
2021-03-18 07:03:38,044 Avg sigmod: [0.63909185, 0.51541746, 0.48831123, 0.5044065, 0.57849914, 0.6027409, 0.44193903, 0.4669261, 0.6561701, 0.55667144, 0.5317366, 0.40321517, 0.6741902, 0.6148306, 0.4080091, 0.4869677, 0.4537641, 0.45057225, 0.5202898, 0.4379413, 0.6428605, 0.5591837, 0.63154995, 0.41820988, 0.5870412, 0.4651865, 0.5025131, 0.41451854, 0.616741, 0.5403561, 0.51916087, 0.43285006, 0.5665746, 0.45921117, 0.43513656, 0.41797298, 0.5692723, 0.5252092, 0.62280685, 0.48436576, 0.53083736, 0.65310514, 0.47655725, 0.5148601]
2021-03-18 07:03:38,044 Epoch: 75  lr: 0.0013597345156629338
2021-03-18 07:07:14,519 Train_acc: 99.940281
2021-03-18 07:08:10,025 Train_acc: 99.94028068080024 Valid_acc: 99.8407643312102
2021-03-18 07:08:10,026 Avg sigmod: [0.6344601, 0.51479095, 0.4858624, 0.5052172, 0.5779058, 0.60213953, 0.44338503, 0.46585554, 0.6519989, 0.5551728, 0.5285082, 0.40024886, 0.6709379, 0.6122616, 0.40900502, 0.4875308, 0.45768848, 0.45284724, 0.5212647, 0.43573755, 0.6420397, 0.5615707, 0.6331163, 0.41655764, 0.5849456, 0.46871582, 0.5044306, 0.41668, 0.6177858, 0.538027, 0.52023554, 0.429566, 0.5655469, 0.45937115, 0.43329844, 0.41701078, 0.56667596, 0.52109385, 0.62176096, 0.4839378, 0.5256282, 0.65244335, 0.47874832, 0.5147183]
2021-03-18 07:08:10,027 Epoch: 76  lr: 0.0012540065833449722
2021-03-18 07:11:44,274 Train_acc: 99.940281
2021-03-18 07:12:39,199 Train_acc: 99.94028068080024 Valid_acc: 99.92038216560509
2021-03-18 07:12:39,199 Avg sigmod: [0.63345194, 0.5142355, 0.48738676, 0.5078301, 0.5737384, 0.6016022, 0.44376525, 0.46535587, 0.6513474, 0.55275047, 0.5301526, 0.4041435, 0.67294633, 0.6102573, 0.4094061, 0.48505822, 0.45603403, 0.45208263, 0.5168591, 0.43688893, 0.6408219, 0.564023, 0.6293943, 0.41584158, 0.5834535, 0.46536413, 0.5005922, 0.41752332, 0.6104499, 0.53751504, 0.5186082, 0.43322173, 0.56131047, 0.46099114, 0.43829888, 0.42214394, 0.56709874, 0.52079993, 0.61943185, 0.48538232, 0.5276912, 0.6486142, 0.47659302, 0.51345485]
2021-03-18 07:12:39,199 Epoch: 77  lr: 0.001151978771445114
2021-03-18 07:16:13,717 Train_acc: 99.960187
2021-03-18 07:17:09,665 Train_acc: 99.96018711066168 Valid_acc: 99.88057324840764
2021-03-18 07:17:09,665 Avg sigmod: [0.63398206, 0.51360744, 0.48464686, 0.50520104, 0.57645506, 0.6009533, 0.4448554, 0.46395618, 0.6534604, 0.55227864, 0.5291126, 0.40124145, 0.67075384, 0.60999143, 0.41013145, 0.48651877, 0.45836893, 0.45227104, 0.5201818, 0.4365364, 0.6404344, 0.56375074, 0.63278204, 0.41548634, 0.583464, 0.467697, 0.5048463, 0.41825527, 0.6126007, 0.53762513, 0.51982653, 0.42935005, 0.5630866, 0.4595669, 0.4364203, 0.42052078, 0.5701676, 0.51936823, 0.62113345, 0.4849337, 0.5246245, 0.65122944, 0.4784832, 0.5133479]
2021-03-18 07:17:09,666 Epoch: 78  lr: 0.001053751594026257
2021-03-18 07:20:43,999 Train_acc: 99.920374
2021-03-18 07:21:38,988 Train_acc: 99.92037424106698 Valid_acc: 99.92038216560509
2021-03-18 07:21:38,988 Avg sigmod: [0.6363564, 0.5153726, 0.48816937, 0.5053822, 0.57715195, 0.60247123, 0.44255242, 0.4653584, 0.65400296, 0.5547093, 0.5305887, 0.40315405, 0.67293495, 0.61230814, 0.40963155, 0.48708686, 0.45574388, 0.45195103, 0.52019644, 0.43831593, 0.642178, 0.5603913, 0.6323647, 0.41769162, 0.58571756, 0.46723342, 0.50260836, 0.4163136, 0.6142176, 0.53907645, 0.51928484, 0.4314556, 0.56481117, 0.45951256, 0.43544132, 0.418892, 0.5690072, 0.52316654, 0.6209763, 0.48407927, 0.5289944, 0.6519267, 0.47766766, 0.5148626]
2021-03-18 07:21:38,988 Epoch: 79  lr: 0.0009594217845874243
2021-03-18 07:25:12,160 Train_acc: 99.910421
2021-03-18 07:26:07,582 Train_acc: 99.91042102120036 Valid_acc: 99.88057324840764
2021-03-18 07:26:07,583 Avg sigmod: [0.6316195, 0.5153767, 0.4862134, 0.5065185, 0.57488966, 0.60261196, 0.44396967, 0.46470824, 0.6522237, 0.55391467, 0.5296613, 0.40437308, 0.6718143, 0.60765666, 0.41128564, 0.4866244, 0.45644823, 0.45496207, 0.51957715, 0.43850002, 0.63996065, 0.56340474, 0.6295639, 0.41686907, 0.5825749, 0.4687995, 0.50416595, 0.41740197, 0.6142772, 0.53621227, 0.5206498, 0.4311294, 0.5635561, 0.45924562, 0.43473536, 0.41855097, 0.5668913, 0.5197307, 0.6191232, 0.48420063, 0.526775, 0.64796346, 0.4778773, 0.5137176]
2021-03-18 07:26:07,584 Epoch: 80  lr: 0.0008690821937305476
2021-03-18 07:29:41,499 Train_acc: 99.970140
2021-03-18 07:30:36,459 Train_acc: 99.97014034040012 Valid_acc: 99.96019108280255
2021-03-18 07:30:36,459 Avg sigmod: [0.634356, 0.51535237, 0.48713207, 0.50653225, 0.5772165, 0.60110056, 0.4428822, 0.4660488, 0.6512872, 0.5527374, 0.5288088, 0.4034081, 0.6721959, 0.6110221, 0.41034183, 0.48643667, 0.4572608, 0.45188364, 0.5188651, 0.43784872, 0.6409798, 0.5619902, 0.6316848, 0.41772866, 0.58362126, 0.4688776, 0.5021411, 0.41669297, 0.6133255, 0.53731483, 0.5190549, 0.43167266, 0.5625018, 0.45936036, 0.43674308, 0.41945553, 0.5676929, 0.5219884, 0.62111163, 0.4845515, 0.526729, 0.6511897, 0.4778296, 0.5158433]
2021-03-18 07:30:36,459 Epoch: 81  lr: 0.0007828216886459207
2021-03-18 07:34:09,961 Train_acc: 99.920374
2021-03-18 07:35:05,711 Train_acc: 99.92037424106698 Valid_acc: 99.88057324840764
2021-03-18 07:35:05,712 Avg sigmod: [0.6332211, 0.5144938, 0.48711926, 0.5042741, 0.57469016, 0.59856224, 0.44268674, 0.46573815, 0.6510349, 0.549552, 0.5281452, 0.4021183, 0.66997445, 0.6097245, 0.41234964, 0.4870282, 0.46064574, 0.44997677, 0.5172263, 0.43474054, 0.64263546, 0.5622535, 0.63475734, 0.41657776, 0.58214146, 0.4676846, 0.50234026, 0.42048472, 0.6092451, 0.53825647, 0.5186665, 0.4280085, 0.56098473, 0.46049318, 0.4388926, 0.42376918, 0.5690372, 0.5219223, 0.61943537, 0.48512903, 0.52313524, 0.6517386, 0.47994608, 0.51607716]
2021-03-18 07:35:05,713 Epoch: 82  lr: 0.0007007250537884822
2021-03-18 07:38:44,424 Train_acc: 99.880561
2021-03-18 07:39:39,414 Train_acc: 99.88056136160048 Valid_acc: 99.92038216560509
2021-03-18 07:39:39,414 Avg sigmod: [0.6291543, 0.5139831, 0.4846254, 0.5056252, 0.56983584, 0.60017455, 0.44456735, 0.46498093, 0.6526073, 0.54976183, 0.5302453, 0.40334043, 0.67092055, 0.60667723, 0.41231292, 0.4867007, 0.457405, 0.45183644, 0.51538455, 0.43407688, 0.6398714, 0.5655693, 0.6305394, 0.41562638, 0.5818411, 0.46554765, 0.50271124, 0.42131633, 0.6067427, 0.53522605, 0.5198709, 0.43187684, 0.5593477, 0.461239, 0.43864623, 0.4263931, 0.5686146, 0.5197883, 0.6173213, 0.48747, 0.52333915, 0.64644223, 0.47720656, 0.514048]
2021-03-18 07:39:39,429 Epoch: 83  lr: 0.0006228728917986297
2021-03-18 07:43:15,627 Train_acc: 99.910421
2021-03-18 07:44:11,013 Train_acc: 99.91042102120036 Valid_acc: 99.92038216560509
2021-03-18 07:44:11,014 Avg sigmod: [0.63461864, 0.51467156, 0.48687363, 0.5068022, 0.57650054, 0.6038615, 0.44364777, 0.46638265, 0.651853, 0.55442035, 0.5278447, 0.40087652, 0.671766, 0.61118996, 0.40955147, 0.4858153, 0.45748538, 0.45320567, 0.52146506, 0.43651375, 0.6432075, 0.5600245, 0.6344153, 0.41694555, 0.5839621, 0.47025084, 0.50359225, 0.4181493, 0.61712474, 0.53855574, 0.5200153, 0.4279572, 0.5632785, 0.45899305, 0.43162853, 0.41609615, 0.5660599, 0.52116925, 0.6203524, 0.48317257, 0.5281802, 0.65199566, 0.47836262, 0.5147135]
2021-03-18 07:44:11,015 Epoch: 84  lr: 0.0005493415232391915
2021-03-18 07:47:44,672 Train_acc: 99.900468
2021-03-18 07:48:39,757 Train_acc: 99.90046780133373 Valid_acc: 99.96019108280255
2021-03-18 07:48:39,757 Avg sigmod: [0.63415205, 0.51581687, 0.48723704, 0.50552195, 0.5769214, 0.6025812, 0.44267735, 0.4669059, 0.6512489, 0.5540582, 0.5278173, 0.40225777, 0.6713281, 0.61073816, 0.4102702, 0.48717913, 0.45753604, 0.4526627, 0.5203435, 0.4370967, 0.643045, 0.55982244, 0.63403744, 0.41796342, 0.583976, 0.4704237, 0.50307804, 0.41706276, 0.6161472, 0.5373719, 0.52050614, 0.42936188, 0.56364435, 0.45934224, 0.43294352, 0.41794315, 0.56665635, 0.52262235, 0.6205102, 0.4840634, 0.5264069, 0.6522836, 0.47841993, 0.5162734]
2021-03-18 07:48:39,757 Epoch: 85  lr: 0.00048020288297353277
2021-03-18 07:52:15,075 Train_acc: 99.890515
2021-03-18 07:53:10,717 Train_acc: 99.8905145814671 Valid_acc: 99.96019108280255
2021-03-18 07:53:10,717 Avg sigmod: [0.6334562, 0.51558685, 0.48683786, 0.5058736, 0.57771844, 0.6018563, 0.44305426, 0.4667961, 0.6505655, 0.55417186, 0.52848977, 0.40165266, 0.67095083, 0.61084133, 0.4095227, 0.4870766, 0.45808235, 0.453063, 0.5201817, 0.4367242, 0.6422826, 0.56138164, 0.6341638, 0.41714233, 0.5842972, 0.47003275, 0.50287145, 0.4166111, 0.6165154, 0.5374407, 0.5203618, 0.4298501, 0.5636418, 0.46013364, 0.43378282, 0.41747516, 0.5659298, 0.52139455, 0.6210835, 0.4842814, 0.5260055, 0.6522959, 0.4785214, 0.5154982]
2021-03-18 07:53:10,718 Epoch: 86  lr: 0.0004155244098261496
2021-03-18 07:56:46,446 Train_acc: 99.900468
2021-03-18 07:57:41,922 Train_acc: 99.90046780133373 Valid_acc: 99.96019108280255
2021-03-18 07:57:41,922 Avg sigmod: [0.6328124, 0.51470286, 0.48540878, 0.5060154, 0.5727522, 0.6025739, 0.44469142, 0.4660635, 0.65309167, 0.5519411, 0.5306412, 0.40313762, 0.6712862, 0.60969085, 0.4101298, 0.4864574, 0.45677298, 0.45227957, 0.5183332, 0.43593675, 0.64063936, 0.563877, 0.63245773, 0.41553783, 0.5839033, 0.4651788, 0.5032265, 0.4184309, 0.61043906, 0.5367288, 0.51992375, 0.43232408, 0.5617238, 0.46069995, 0.43705145, 0.42361552, 0.56854916, 0.5201011, 0.61938846, 0.48698092, 0.52542293, 0.6497067, 0.47736496, 0.51264155]
2021-03-18 07:57:41,922 Epoch: 87  lr: 0.0003553689242401032
2021-03-18 08:01:16,913 Train_acc: 99.910421
2021-03-18 08:02:11,772 Train_acc: 99.91042102120036 Valid_acc: 99.92038216560509
2021-03-18 08:02:11,772 Avg sigmod: [0.6382306, 0.51563716, 0.4895896, 0.5083083, 0.57896155, 0.6062154, 0.44212532, 0.4696869, 0.6526526, 0.5595396, 0.5306049, 0.402315, 0.6755159, 0.61544174, 0.4052348, 0.48625532, 0.4517745, 0.45275736, 0.5212557, 0.43838492, 0.6445025, 0.55702007, 0.63354635, 0.418465, 0.58917844, 0.46905923, 0.49884623, 0.4130923, 0.6211135, 0.5389725, 0.5203937, 0.434053, 0.56571853, 0.46081886, 0.43014425, 0.41435224, 0.564203, 0.5254251, 0.6222581, 0.48438534, 0.53356, 0.6537899, 0.47425884, 0.51590264]
2021-03-18 08:02:11,773 Epoch: 88  lr: 0.00029979448541718646
2021-03-18 08:05:49,648 Train_acc: 99.840748
2021-03-18 08:06:44,355 Train_acc: 99.84074848213398 Valid_acc: 99.92038216560509
2021-03-18 08:06:44,355 Avg sigmod: [0.6357368, 0.5153563, 0.48909217, 0.5072008, 0.5748848, 0.6025127, 0.44214216, 0.4684709, 0.65320003, 0.55494946, 0.5319316, 0.40463105, 0.67560595, 0.6124871, 0.40787682, 0.48563606, 0.45282787, 0.45060515, 0.5163242, 0.43674096, 0.64275765, 0.56030333, 0.6318129, 0.4180377, 0.5867306, 0.46559843, 0.49783045, 0.41593695, 0.6130256, 0.5381844, 0.51901555, 0.4352854, 0.5616584, 0.46200365, 0.4360973, 0.4216931, 0.5662753, 0.52520114, 0.62020725, 0.48661146, 0.5313643, 0.6512008, 0.47406238, 0.51577634]
2021-03-18 08:06:44,355 Epoch: 89  lr: 0.00024885421383796395
2021-03-18 08:10:16,684 Train_acc: 99.960187
2021-03-18 08:11:11,880 Train_acc: 99.96018712053349 Valid_acc: 99.80095541401273
2021-03-18 08:11:11,880 Avg sigmod: [0.63214713, 0.5155002, 0.48604178, 0.5049289, 0.5751525, 0.6030949, 0.44301325, 0.4676664, 0.6528379, 0.5558981, 0.53037286, 0.400917, 0.67089957, 0.61102366, 0.40965897, 0.4886977, 0.45588392, 0.45286793, 0.51988184, 0.43442702, 0.6426411, 0.56087196, 0.63380766, 0.41714007, 0.58617204, 0.46857014, 0.502898, 0.41779009, 0.6164504, 0.5366448, 0.5213996, 0.4310277, 0.5647496, 0.46076575, 0.43214178, 0.41946357, 0.5657354, 0.5225325, 0.6199286, 0.4856348, 0.5265892, 0.6507607, 0.47737765, 0.51559615]
2021-03-18 08:11:11,881 Epoch: 90  lr: 0.00020259605502241944
2021-03-18 08:14:46,921 Train_acc: 99.850702
2021-03-18 08:15:42,067 Train_acc: 99.85070170200059 Valid_acc: 100.0
2021-03-18 08:15:42,067 Avg sigmod: [0.63457656, 0.5143236, 0.48708838, 0.50449634, 0.57580835, 0.6024096, 0.44356456, 0.46661296, 0.65366477, 0.5559975, 0.5310008, 0.4022882, 0.67102134, 0.6104821, 0.4090715, 0.48725146, 0.45584434, 0.45277175, 0.51929885, 0.43571526, 0.6444888, 0.5607094, 0.6338335, 0.41587296, 0.5854324, 0.466997, 0.50221574, 0.41752928, 0.6166173, 0.53846544, 0.5210703, 0.42925534, 0.56448734, 0.4615735, 0.43343797, 0.41977406, 0.5665762, 0.5221336, 0.6198312, 0.48556584, 0.5271394, 0.65235585, 0.47691256, 0.51377684]
2021-03-18 08:15:42,083 Epoch: 91  lr: 0.00016106244159376105
2021-03-18 08:19:15,881 Train_acc: 99.950234
2021-03-18 08:20:10,688 Train_acc: 99.95023390066686 Valid_acc: 99.80095541401273
2021-03-18 08:20:10,688 Avg sigmod: [0.63203293, 0.51602185, 0.4872377, 0.508125, 0.5727028, 0.6034772, 0.44296187, 0.4683116, 0.65147763, 0.5522178, 0.52912796, 0.40368456, 0.6740087, 0.6101318, 0.4103178, 0.485392, 0.4555152, 0.45172262, 0.51730883, 0.43581742, 0.6407996, 0.56163895, 0.63165975, 0.41834193, 0.5837805, 0.46756238, 0.5007775, 0.41844144, 0.61153644, 0.5362642, 0.5191859, 0.43345127, 0.5598332, 0.4599443, 0.43504292, 0.42104203, 0.5658035, 0.5226903, 0.6187819, 0.4859013, 0.52886564, 0.6486093, 0.4763492, 0.5160328]
2021-03-18 08:20:10,689 Epoch: 92  lr: 0.00012428977374215946
2021-03-18 08:23:48,129 Train_acc: 99.960187
2021-03-18 08:24:43,744 Train_acc: 99.96018712053349 Valid_acc: 100.0
2021-03-18 08:24:43,744 Avg sigmod: [0.6332054, 0.51606077, 0.48898906, 0.5061553, 0.57645786, 0.60241425, 0.4416686, 0.46719664, 0.65232193, 0.55623734, 0.53187627, 0.40422195, 0.67241204, 0.6114855, 0.40976214, 0.4879825, 0.4545253, 0.45294166, 0.51791877, 0.43718535, 0.6429848, 0.5608875, 0.6308869, 0.41821885, 0.58623445, 0.4677404, 0.49998742, 0.4162712, 0.61508554, 0.5373779, 0.5199393, 0.43353558, 0.56452173, 0.4613099, 0.43511254, 0.41936168, 0.56523454, 0.5238605, 0.61958253, 0.48515826, 0.52947843, 0.64985436, 0.47659326, 0.5162193]
2021-03-18 08:24:43,744 Epoch: 93  lr: 9.230756122372656e-05
2021-03-18 08:28:16,686 Train_acc: 99.890515
2021-03-18 08:29:11,388 Train_acc: 99.89051457159529 Valid_acc: 99.88057324840764
2021-03-18 08:29:11,389 Avg sigmod: [0.6358415, 0.51533234, 0.48628068, 0.5060605, 0.5743838, 0.6040883, 0.44383496, 0.4677092, 0.6538756, 0.552357, 0.5298901, 0.40207234, 0.67294127, 0.6125392, 0.4091978, 0.48617905, 0.45651355, 0.45058352, 0.51988995, 0.43578678, 0.6417537, 0.56120807, 0.63477826, 0.41687837, 0.58532035, 0.46547422, 0.5029214, 0.4178118, 0.61184746, 0.53814524, 0.5192089, 0.4320969, 0.5620654, 0.45963472, 0.43583602, 0.42179662, 0.5692461, 0.5222518, 0.6208866, 0.48638386, 0.5275876, 0.65220535, 0.47738782, 0.5138886]
2021-03-18 08:29:11,390 Epoch: 94  lr: 6.513689852468689e-05
2021-03-18 08:32:44,929 Train_acc: 99.900468
2021-03-18 08:33:40,359 Train_acc: 99.90046780133373 Valid_acc: 99.96019108280255
2021-03-18 08:33:40,359 Avg sigmod: [0.6334513, 0.51687485, 0.48701397, 0.5063076, 0.5744029, 0.60264295, 0.44234067, 0.46847844, 0.6523462, 0.553623, 0.5306293, 0.40417194, 0.67369854, 0.61183673, 0.40954605, 0.4868637, 0.4549951, 0.45089334, 0.5172225, 0.43570152, 0.64060354, 0.56202334, 0.63213366, 0.41851014, 0.5851757, 0.46562666, 0.50087494, 0.4161647, 0.61247426, 0.5362465, 0.5195844, 0.43559504, 0.56184673, 0.460548, 0.4364542, 0.4222184, 0.5667118, 0.5238908, 0.62043244, 0.48693818, 0.52812624, 0.6504239, 0.47619867, 0.5160633]
2021-03-18 08:33:40,359 Epoch: 95  lr: 4.278752975599314e-05
2021-03-18 08:37:19,070 Train_acc: 99.880561
2021-03-18 08:38:14,591 Train_acc: 99.88056136160048 Valid_acc: 99.92038216560509
2021-03-18 08:38:14,591 Avg sigmod: [0.6325037, 0.5145513, 0.48537427, 0.5039321, 0.5748526, 0.5983118, 0.44391045, 0.46441102, 0.65264726, 0.5504693, 0.5303127, 0.40428248, 0.670195, 0.6078289, 0.4122201, 0.48636532, 0.45902902, 0.45135862, 0.51605505, 0.43565184, 0.6412185, 0.564968, 0.6321086, 0.41624635, 0.58152044, 0.4662188, 0.5031832, 0.41953665, 0.6099492, 0.5369555, 0.5196145, 0.42972866, 0.5602305, 0.46078506, 0.4397739, 0.424081, 0.5691251, 0.5203918, 0.6195535, 0.48678437, 0.52341247, 0.6506193, 0.4783751, 0.51438934]
2021-03-18 08:38:14,592 Epoch: 96  lr: 2.525164696131145e-05
2021-03-18 08:41:51,993 Train_acc: 99.880561
2021-03-18 08:42:46,390 Train_acc: 99.88056136160048 Valid_acc: 99.96019108280255
2021-03-18 08:42:46,406 Avg sigmod: [0.6341758, 0.5135657, 0.48401198, 0.5034582, 0.5785555, 0.60040104, 0.4450376, 0.46335834, 0.6547472, 0.5546241, 0.5323054, 0.4013606, 0.66892445, 0.61027807, 0.40978035, 0.48819312, 0.45769325, 0.45329198, 0.52031046, 0.43617716, 0.64144856, 0.5648384, 0.6331756, 0.41486135, 0.58531106, 0.46665043, 0.50509655, 0.41756096, 0.61525685, 0.53773487, 0.5209, 0.42981106, 0.5652674, 0.4607791, 0.43656582, 0.42040664, 0.5694486, 0.5188677, 0.6217998, 0.48632488, 0.52416503, 0.6523427, 0.47822103, 0.5122469]
2021-03-18 08:42:46,406 Epoch: 97  lr: 1.2489164310591014e-05
2021-03-18 08:46:23,942 Train_acc: 99.870608
2021-03-18 08:47:19,228 Train_acc: 99.87060814173385 Valid_acc: 99.88057324840764
2021-03-18 08:47:19,229 Avg sigmod: [0.6365664, 0.5134198, 0.48738137, 0.5038255, 0.57677466, 0.5997332, 0.4431849, 0.46549758, 0.65530825, 0.5535263, 0.53291804, 0.4028875, 0.6716691, 0.6122168, 0.4092703, 0.48729652, 0.45598212, 0.4499089, 0.51715124, 0.43598753, 0.6439194, 0.5620735, 0.6336642, 0.41609916, 0.58646727, 0.46464354, 0.5006385, 0.41796613, 0.6114724, 0.5394292, 0.5191941, 0.43145746, 0.56315506, 0.46223122, 0.43905193, 0.42378935, 0.57027674, 0.5232656, 0.620976, 0.48716244, 0.52692014, 0.652951, 0.4765039, 0.51438415]
2021-03-18 08:47:19,230 Epoch: 98  lr: 4.386851779611686e-06
2021-03-18 08:50:56,038 Train_acc: 99.860655
2021-03-18 08:51:51,210 Train_acc: 99.86065492186722 Valid_acc: 100.0
2021-03-18 08:51:51,210 Avg sigmod: [0.63561773, 0.516058, 0.48868757, 0.5068451, 0.57753056, 0.60415614, 0.44171032, 0.46946406, 0.6519472, 0.5560775, 0.5299278, 0.40140662, 0.6734071, 0.61463416, 0.40798697, 0.48755544, 0.45495883, 0.45143104, 0.52032566, 0.4362976, 0.64348894, 0.5582523, 0.63483393, 0.4188474, 0.58800745, 0.46916422, 0.50007683, 0.4158078, 0.6166514, 0.5383203, 0.5196933, 0.43295994, 0.56445986, 0.4606026, 0.4326624, 0.41785875, 0.5656736, 0.5250065, 0.6213795, 0.48482004, 0.53019476, 0.6529411, 0.476687, 0.51706874]
2021-03-18 08:51:51,210 Epoch: 99  lr: 6.169517570601281e-07
2021-03-18 08:55:25,516 Train_acc: 99.860655
2021-03-18 08:56:21,116 Train_acc: 99.86065492186722 Valid_acc: 99.88057324840764
2021-03-18 08:56:21,117 Avg sigmod: [0.6324988, 0.51458514, 0.48544717, 0.5043844, 0.57558686, 0.6013459, 0.44366026, 0.46533346, 0.65355337, 0.55229074, 0.5310689, 0.40058628, 0.6693123, 0.6110244, 0.41126522, 0.48806477, 0.4586931, 0.45172864, 0.5196141, 0.43431526, 0.6418745, 0.5634176, 0.63462377, 0.4160327, 0.5849733, 0.46697897, 0.50409013, 0.4200862, 0.612086, 0.53813523, 0.519405, 0.42953712, 0.5632947, 0.46010813, 0.4364081, 0.42154533, 0.56856775, 0.52046967, 0.6200649, 0.48558682, 0.52526224, 0.6508232, 0.47936112, 0.51407206]
2021-03-18 08:57:15,764 final model sigmod: [0.6348602, 0.5155827, 0.487763, 0.5064481, 0.5752212, 0.60299623, 0.44305056, 0.46781617, 0.6514343, 0.55287254, 0.529063, 0.4029858, 0.6723046, 0.6115627, 0.40961066, 0.4858864, 0.4572114, 0.45157862, 0.51886195, 0.4363989, 0.6428503, 0.5606886, 0.6345038, 0.4172581, 0.584232, 0.46730033, 0.50157285, 0.41757482, 0.61348224, 0.53816336, 0.5193706, 0.43067527, 0.561751, 0.46033058, 0.4352424, 0.4202327, 0.5667721, 0.5225462, 0.6200718, 0.48529714, 0.5275399, 0.6524404, 0.4777212, 0.5149096]
2021-03-18 08:58:11,361 best model sigmod: [0.6292102, 0.51529634, 0.48676842, 0.5075017, 0.57180274, 0.59794813, 0.44157356, 0.4665826, 0.6423172, 0.54807615, 0.5133338, 0.39753744, 0.66627735, 0.60521185, 0.41101614, 0.4871475, 0.4578218, 0.453506, 0.5183803, 0.43726748, 0.6361343, 0.55467653, 0.63340425, 0.41833362, 0.58095753, 0.4746549, 0.5013511, 0.41834384, 0.61439985, 0.5359065, 0.5208465, 0.43018237, 0.5615873, 0.4583488, 0.4282546, 0.41929573, 0.5647108, 0.5223767, 0.6182195, 0.47705203, 0.5206678, 0.6467835, 0.4784913, 0.5187325]
